# ra & Leave1Out
## FBCSP + classifier

| abbr.                                                                            | test_score       | train_score      | params                                                                                                                                                                    |
|----------------------------------------------------------------------------------|------------------|------------------|---------------------------------------------------------------------------------------------------------------------------------------------------------------------------|
| [8, 12, 16]_2_euclid_6_SVC(C=0.5)                                                | 0.641 (+/-0.088) | 0.695 (+/-0.031) | {'band': [8, 12, 16], 'k': 2, 'metric': 'euclid', 'n_components': 6, 'classify': SVC(C=0.5)}                                                  |
| [8, 12, 16]_2_logeuclid_6_SVC(C=0.5)                                             | 0.641 (+/-0.088) | 0.695 (+/-0.031) | {'band': [8, 12, 16], 'k': 2, 'metric': 'logeuclid', 'n_components': 6, 'classify': SVC(C=0.5)}                                               |
| [8, 12, 16]_8_euclid_6_SVC(C=0.5)                                                | 0.639 (+/-0.099) | 0.741 (+/-0.024) | {'band': [8, 12, 16], 'k': 8, 'metric': 'euclid', 'n_components': 6, 'classify': SVC(C=0.5)}                                                  |
| [8, 12, 16]_8_logeuclid_6_SVC(C=0.5)                                             | 0.639 (+/-0.099) | 0.741 (+/-0.024) | {'band': [8, 12, 16], 'k': 8, 'metric': 'logeuclid', 'n_components': 6, 'classify': SVC(C=0.5)}                                               |
| [8, 12, 16]_all_euclid_6_SVC(C=0.5)                                              | 0.639 (+/-0.099) | 0.741 (+/-0.024) | {'band': [8, 12, 16], 'k': 'all', 'metric': 'euclid', 'n_components': 6, 'classify': SVC(C=0.5)}                                              |
| [8, 12, 16]_all_logeuclid_6_SVC(C=0.5)                                           | 0.639 (+/-0.099) | 0.741 (+/-0.024) | {'band': [8, 12, 16], 'k': 'all', 'metric': 'logeuclid', 'n_components': 6, 'classify': SVC(C=0.5)}                                           |
| [8, 12, 16]_4_euclid_6_SVC(C=0.5)                                                | 0.636 (+/-0.090) | 0.704 (+/-0.032) | {'band': [8, 12, 16], 'k': 4, 'metric': 'euclid', 'n_components': 6, 'classify': SVC(C=0.5)}                                                  |
| [8, 12, 16]_4_logeuclid_6_SVC(C=0.5)                                             | 0.636 (+/-0.090) | 0.704 (+/-0.032) | {'band': [8, 12, 16], 'k': 4, 'metric': 'logeuclid', 'n_components': 6, 'classify': SVC(C=0.5)}                                               |
| [8, 12, 16]_8_logeuclid_6_RandomForestClassifier(max_depth=5, n_estimators=10)   | 0.634 (+/-0.084) | 0.801 (+/-0.021) | {'band': [8, 12, 16], 'k': 8, 'metric': 'logeuclid', 'n_components': 6, 'classify': RFC(max_depth=5, n_estimators=10)}     |
| [8, 12, 16]_all_euclid_6_RandomForestClassifier(max_depth=5, n_estimators=10)    | 0.633 (+/-0.085) | 0.808 (+/-0.020) | {'band': [8, 12, 16], 'k': 'all', 'metric': 'euclid', 'n_components': 6, 'classify': RFC(max_depth=5, n_estimators=10)}    |
| [8, 12, 16]_all_logeuclid_6_RandomForestClassifier(max_depth=5, n_estimators=10) | 0.630 (+/-0.072) | 0.809 (+/-0.017) | {'band': [8, 12, 16], 'k': 'all', 'metric': 'logeuclid', 'n_components': 6, 'classify': RFC(max_depth=5, n_estimators=10)} |
| [8, 12, 16]_4_euclid_6_RandomForestClassifier(max_depth=5, n_estimators=10)      | 0.629 (+/-0.082) | 0.786 (+/-0.032) | {'band': [8, 12, 16], 'k': 4, 'metric': 'euclid', 'n_components': 6, 'classify': RFC(max_depth=5, n_estimators=10)}        |
| [8, 12, 16]_2_euclid_6_RandomForestClassifier(max_depth=5, n_estimators=10)      | 0.628 (+/-0.071) | 0.753 (+/-0.031) | {'band': [8, 12, 16], 'k': 2, 'metric': 'euclid', 'n_components': 6, 'classify': RFC(max_depth=5, n_estimators=10)}        |
| [8, 12, 16]_2_logeuclid_6_RandomForestClassifier(max_depth=5, n_estimators=10)   | 0.621 (+/-0.087) | 0.750 (+/-0.039) | {'band': [8, 12, 16], 'k': 2, 'metric': 'logeuclid', 'n_components': 6, 'classify': RFC(max_depth=5, n_estimators=10)}     |
| [8, 12, 16]_8_euclid_6_RandomForestClassifier(max_depth=5, n_estimators=10)      | 0.621 (+/-0.060) | 0.812 (+/-0.025) | {'band': [8, 12, 16], 'k': 8, 'metric': 'euclid', 'n_components': 6, 'classify': RFC(max_depth=5, n_estimators=10)}        |
| [8, 12, 16]_4_logeuclid_6_RandomForestClassifier(max_depth=5, n_estimators=10)   | 0.606 (+/-0.094) | 0.783 (+/-0.034) | {'band': [8, 12, 16], 'k': 4, 'metric': 'logeuclid', 'n_components': 6, 'classify': RFC(max_depth=5, n_estimators=10)}     |
