# no-ea & Leave1Out
## TangentSpace Mapping
| abbr.                                             | test_score       | train_score      | params                                                                           |
|---------------------------------------------------|------------------|------------------|----------------------------------------------------------------------------------|
| TSFeatureExtractor()_LinearDiscriminantAnalysis() | 0.594 (+/-0.070) | 0.703 (+/-0.035) | {'TangentSpace': TSFeatureExtractor(), 'classify': LinearDiscriminantAnalysis()} |
| TSFeatureExtractor()_LogisticRegression()         | 0.593 (+/-0.068) | 0.705 (+/-0.033) | {'TangentSpace': TSFeatureExtractor(), 'classify': LogisticRegression()}         |
| TSFeatureExtractor()_SVC()                        | 0.590 (+/-0.069) | 0.777 (+/-0.031) | {'TangentSpace': TSFeatureExtractor(), 'classify': SVC()}                        |
| TSFeatureExtractor()_SVC(kernel='poly')           | 0.589 (+/-0.087) | 0.739 (+/-0.038) | {'TangentSpace': TSFeatureExtractor(), 'classify': SVC(kernel='poly')}           |
| TangentSpace()_LinearDiscriminantAnalysis()       | 0.539 (+/-0.036) | 0.794 (+/-0.029) | {'TangentSpace': TangentSpace(), 'classify': LinearDiscriminantAnalysis()}       |
| TangentSpace()_LogisticRegression()               | 0.536 (+/-0.051) | 0.792 (+/-0.021) | {'TangentSpace': TangentSpace(), 'classify': LogisticRegression()}               |
| TangentSpace()_SVC(kernel='poly')                 | 0.532 (+/-0.050) | 0.925 (+/-0.007) | {'TangentSpace': TangentSpace(), 'classify': SVC(kernel='poly')}                 |
| TangentSpace()_SVC()                              | 0.509 (+/-0.020) | 0.913 (+/-0.010) | {'TangentSpace': TangentSpace(), 'classify': SVC()}                              |
## CSP + classifier
| abbr.                                     | test_score       | train_score      | params                                                                                     |
|-------------------------------------------|------------------|------------------|--------------------------------------------------------------------------------------------|
| logeuclid_5_SVC()                         | 0.630 (+/-0.125) | 0.725 (+/-0.032) | {'CSP__metric': 'logeuclid', 'CSP__nfilter': 5, 'classify': SVC()}                         |
| logeuclid_5_SVC(C=0.8)                    | 0.626 (+/-0.119) | 0.721 (+/-0.035) | {'CSP__metric': 'logeuclid', 'CSP__nfilter': 5, 'classify': SVC(C=0.8)}                    |
| logeuclid_7_SVC()                         | 0.624 (+/-0.092) | 0.766 (+/-0.020) | {'CSP__metric': 'logeuclid', 'CSP__nfilter': 7, 'classify': SVC()}                         |
| riemann_5_SVC()                           | 0.617 (+/-0.127) | 0.733 (+/-0.035) | {'CSP__metric': 'riemann', 'CSP__nfilter': 5, 'classify': SVC()}                           |
| riemann_4_SVC()                           | 0.615 (+/-0.148) | 0.724 (+/-0.037) | {'CSP__metric': 'riemann', 'CSP__nfilter': 4, 'classify': SVC()}                           |
| logeuclid_5_LinearDiscriminantAnalysis()  | 0.615 (+/-0.143) | 0.688 (+/-0.039) | {'CSP__metric': 'logeuclid', 'CSP__nfilter': 5, 'classify': LinearDiscriminantAnalysis()}  |
| riemann_5_LogisticRegression()            | 0.614 (+/-0.123) | 0.685 (+/-0.032) | {'CSP__metric': 'riemann', 'CSP__nfilter': 5, 'classify': LogisticRegression()}            |
| riemann_7_SVC()                           | 0.614 (+/-0.079) | 0.766 (+/-0.022) | {'CSP__metric': 'riemann', 'CSP__nfilter': 7, 'classify': SVC()}                           |
| logeuclid_5_LogisticRegression()          | 0.611 (+/-0.135) | 0.690 (+/-0.035) | {'CSP__metric': 'logeuclid', 'CSP__nfilter': 5, 'classify': LogisticRegression()}          |
| riemann_6_SVC()                           | 0.610 (+/-0.076) | 0.749 (+/-0.033) | {'CSP__metric': 'riemann', 'CSP__nfilter': 6, 'classify': SVC()}                           |
| logeuclid_6_SVC(C=0.8)                    | 0.610 (+/-0.091) | 0.742 (+/-0.032) | {'CSP__metric': 'logeuclid', 'CSP__nfilter': 6, 'classify': SVC(C=0.8)}                    |
| riemann_4_LogisticRegression()            | 0.606 (+/-0.118) | 0.685 (+/-0.030) | {'CSP__metric': 'riemann', 'CSP__nfilter': 4, 'classify': LogisticRegression()}            |
| logeuclid_4_LinearDiscriminantAnalysis()  | 0.606 (+/-0.132) | 0.683 (+/-0.036) | {'CSP__metric': 'logeuclid', 'CSP__nfilter': 4, 'classify': LinearDiscriminantAnalysis()}  |
| logeuclid_4_SVC()                         | 0.606 (+/-0.149) | 0.727 (+/-0.035) | {'CSP__metric': 'logeuclid', 'CSP__nfilter': 4, 'classify': SVC()}                         |
| logeuclid_4_SVC(C=0.8)                    | 0.605 (+/-0.148) | 0.723 (+/-0.036) | {'CSP__metric': 'logeuclid', 'CSP__nfilter': 4, 'classify': SVC(C=0.8)}                    |
| logeuclid_6_SVC()                         | 0.604 (+/-0.080) | 0.740 (+/-0.032) | {'CSP__metric': 'logeuclid', 'CSP__nfilter': 6, 'classify': SVC()}                         |
| logeuclid_4_LogisticRegression()          | 0.600 (+/-0.131) | 0.680 (+/-0.034) | {'CSP__metric': 'logeuclid', 'CSP__nfilter': 4, 'classify': LogisticRegression()}          |
| logeuclid_8_SVC()                         | 0.595 (+/-0.076) | 0.770 (+/-0.013) | {'CSP__metric': 'logeuclid', 'CSP__nfilter': 8, 'classify': SVC()}                         |
| riemann_7_LogisticRegression()            | 0.583 (+/-0.092) | 0.710 (+/-0.029) | {'CSP__metric': 'riemann', 'CSP__nfilter': 7, 'classify': LogisticRegression()}            |
| riemann_8_SVC()                           | 0.580 (+/-0.049) | 0.777 (+/-0.021) | {'CSP__metric': 'riemann', 'CSP__nfilter': 8, 'classify': SVC()}                           |
| logeuclid_6_GaussianNB(priors=[0.5, 0.5]) | 0.575 (+/-0.117) | 0.644 (+/-0.042) | {'CSP__metric': 'logeuclid', 'CSP__nfilter': 6, 'classify': GaussianNB(priors=[0.5, 0.5])} |
| logeuclid_5_GaussianNB(priors=[0.5, 0.5]) | 0.575 (+/-0.135) | 0.646 (+/-0.040) | {'CSP__metric': 'logeuclid', 'CSP__nfilter': 5, 'classify': GaussianNB(priors=[0.5, 0.5])} |
| riemann_6_LogisticRegression()            | 0.575 (+/-0.079) | 0.698 (+/-0.030) | {'CSP__metric': 'riemann', 'CSP__nfilter': 6, 'classify': LogisticRegression()}            |
| riemann_8_LogisticRegression()            | 0.574 (+/-0.101) | 0.708 (+/-0.020) | {'CSP__metric': 'riemann', 'CSP__nfilter': 8, 'classify': LogisticRegression()}            |
| logeuclid_4_GaussianNB(priors=[0.5, 0.5]) | 0.573 (+/-0.128) | 0.657 (+/-0.040) | {'CSP__metric': 'logeuclid', 'CSP__nfilter': 4, 'classify': GaussianNB(priors=[0.5, 0.5])} |
| euclid_5_LogisticRegression()             | 0.573 (+/-0.112) | 0.651 (+/-0.029) | {'CSP__metric': 'euclid', 'CSP__nfilter': 5, 'classify': LogisticRegression()}             |
| logeuclid_6_LogisticRegression()          | 0.573 (+/-0.090) | 0.698 (+/-0.030) | {'CSP__metric': 'logeuclid', 'CSP__nfilter': 6, 'classify': LogisticRegression()}          |
| logeuclid_7_LogisticRegression()          | 0.570 (+/-0.104) | 0.712 (+/-0.025) | {'CSP__metric': 'logeuclid', 'CSP__nfilter': 7, 'classify': LogisticRegression()}          |
| logeuclid_8_LogisticRegression()          | 0.568 (+/-0.096) | 0.708 (+/-0.012) | {'CSP__metric': 'logeuclid', 'CSP__nfilter': 8, 'classify': LogisticRegression()}          |
| euclid_6_LogisticRegression()             | 0.568 (+/-0.107) | 0.650 (+/-0.032) | {'CSP__metric': 'euclid', 'CSP__nfilter': 6, 'classify': LogisticRegression()}             |
| euclid_7_LogisticRegression()             | 0.565 (+/-0.119) | 0.670 (+/-0.027) | {'CSP__metric': 'euclid', 'CSP__nfilter': 7, 'classify': LogisticRegression()}             |
| logeuclid_6_LinearDiscriminantAnalysis()  | 0.565 (+/-0.089) | 0.697 (+/-0.033) | {'CSP__metric': 'logeuclid', 'CSP__nfilter': 6, 'classify': LinearDiscriminantAnalysis()}  |
| euclid_5_LinearDiscriminantAnalysis()     | 0.565 (+/-0.116) | 0.650 (+/-0.028) | {'CSP__metric': 'euclid', 'CSP__nfilter': 5, 'classify': LinearDiscriminantAnalysis()}     |
| euclid_6_LinearDiscriminantAnalysis()     | 0.562 (+/-0.116) | 0.653 (+/-0.030) | {'CSP__metric': 'euclid', 'CSP__nfilter': 6, 'classify': LinearDiscriminantAnalysis()}     |
| euclid_8_LogisticRegression()             | 0.560 (+/-0.120) | 0.674 (+/-0.025) | {'CSP__metric': 'euclid', 'CSP__nfilter': 8, 'classify': LogisticRegression()}             |
| euclid_4_LinearDiscriminantAnalysis()     | 0.536 (+/-0.086) | 0.639 (+/-0.031) | {'CSP__metric': 'euclid', 'CSP__nfilter': 4, 'classify': LinearDiscriminantAnalysis()}     |
| euclid_4_LogisticRegression()             | 0.534 (+/-0.086) | 0.637 (+/-0.033) | {'CSP__metric': 'euclid', 'CSP__nfilter': 4, 'classify': LogisticRegression()}             |
| euclid_6_GaussianNB(priors=[0.5, 0.5])    | 0.526 (+/-0.037) | 0.599 (+/-0.040) | {'CSP__metric': 'euclid', 'CSP__nfilter': 6, 'classify': GaussianNB(priors=[0.5, 0.5])}    |
| euclid_5_GaussianNB(priors=[0.5, 0.5])    | 0.525 (+/-0.029) | 0.606 (+/-0.039) | {'CSP__metric': 'euclid', 'CSP__nfilter': 5, 'classify': GaussianNB(priors=[0.5, 0.5])}    |
| euclid_4_SVC(C=0.8)                       | 0.524 (+/-0.061) | 0.686 (+/-0.046) | {'CSP__metric': 'euclid', 'CSP__nfilter': 4, 'classify': SVC(C=0.8)}                       |
| euclid_4_SVC()                            | 0.523 (+/-0.061) | 0.687 (+/-0.048) | {'CSP__metric': 'euclid', 'CSP__nfilter': 4, 'classify': SVC()}                            |
| euclid_5_SVC(C=0.8)                       | 0.523 (+/-0.068) | 0.708 (+/-0.041) | {'CSP__metric': 'euclid', 'CSP__nfilter': 5, 'classify': SVC(C=0.8)}                       |
| euclid_7_SVC()                            | 0.518 (+/-0.057) | 0.735 (+/-0.029) | {'CSP__metric': 'euclid', 'CSP__nfilter': 7, 'classify': SVC()}                            |
| euclid_5_SVC()                            | 0.517 (+/-0.069) | 0.709 (+/-0.042) | {'CSP__metric': 'euclid', 'CSP__nfilter': 5, 'classify': SVC()}                            |
| euclid_8_SVC()                            | 0.511 (+/-0.066) | 0.733 (+/-0.032) | {'CSP__metric': 'euclid', 'CSP__nfilter': 8, 'classify': SVC()}                            |
| euclid_6_SVC()                            | 0.510 (+/-0.060) | 0.726 (+/-0.032) | {'CSP__metric': 'euclid', 'CSP__nfilter': 6, 'classify': SVC()}                            |
| euclid_6_SVC(C=0.8)                       | 0.509 (+/-0.068) | 0.716 (+/-0.033) | {'CSP__metric': 'euclid', 'CSP__nfilter': 6, 'classify': SVC(C=0.8)}                       |
| euclid_4_GaussianNB(priors=[0.5, 0.5])    | 0.498 (+/-0.039) | 0.597 (+/-0.043) | {'CSP__metric': 'euclid', 'CSP__nfilter': 4, 'classify': GaussianNB(priors=[0.5, 0.5])}    |
## FBCSP + classifier

| abbr.                                | test_score       | train_score      | params                                                                                                  |
|--------------------------------------|------------------|------------------|---------------------------------------------------------------------------------------------------------|
| 24_5_LogisticRegression()            | 0.585 (+/-0.034) | 0.697 (+/-0.027) | {'FBCSP__k': 24, 'FBCSP__n_components': 5, 'classify': LogisticRegression()}                            |
| 24_4_LogisticRegression()            | 0.585 (+/-0.034) | 0.697 (+/-0.027) | {'FBCSP__k': 24, 'FBCSP__n_components': 4, 'classify': LogisticRegression()}                            |
| 24_6_LogisticRegression()            | 0.585 (+/-0.034) | 0.697 (+/-0.027) | {'FBCSP__k': 24, 'FBCSP__n_components': 6, 'classify': LogisticRegression()}                            |
| 24_8_LogisticRegression()            | 0.585 (+/-0.034) | 0.697 (+/-0.027) | {'FBCSP__k': 24, 'FBCSP__n_components': 8, 'classify': LogisticRegression()}                            |
| 24_7_LogisticRegression()            | 0.585 (+/-0.034) | 0.697 (+/-0.027) | {'FBCSP__k': 24, 'FBCSP__n_components': 7, 'classify': LogisticRegression()}                            |
| 24_5_SVC()                           | 0.580 (+/-0.025) | 0.742 (+/-0.025) | {'FBCSP__k': 24, 'FBCSP__n_components': 5, 'classify': SVC()}                                           |
| 24_4_SVC()                           | 0.580 (+/-0.025) | 0.742 (+/-0.025) | {'FBCSP__k': 24, 'FBCSP__n_components': 4, 'classify': SVC()}                                           |
| 24_6_SVC()                           | 0.580 (+/-0.025) | 0.742 (+/-0.025) | {'FBCSP__k': 24, 'FBCSP__n_components': 6, 'classify': SVC()}                                           |
| 24_8_SVC()                           | 0.580 (+/-0.025) | 0.742 (+/-0.025) | {'FBCSP__k': 24, 'FBCSP__n_components': 8, 'classify': SVC()}                                           |
| 24_7_SVC()                           | 0.580 (+/-0.025) | 0.742 (+/-0.025) | {'FBCSP__k': 24, 'FBCSP__n_components': 7, 'classify': SVC()}                                           |
| 16_7_LogisticRegression()            | 0.570 (+/-0.046) | 0.675 (+/-0.031) | {'FBCSP__k': 16, 'FBCSP__n_components': 7, 'classify': LogisticRegression()}                            |
| 16_4_LogisticRegression()            | 0.570 (+/-0.046) | 0.675 (+/-0.031) | {'FBCSP__k': 16, 'FBCSP__n_components': 4, 'classify': LogisticRegression()}                            |
| 16_5_LogisticRegression()            | 0.570 (+/-0.046) | 0.675 (+/-0.031) | {'FBCSP__k': 16, 'FBCSP__n_components': 5, 'classify': LogisticRegression()}                            |
| 16_6_LogisticRegression()            | 0.570 (+/-0.046) | 0.675 (+/-0.031) | {'FBCSP__k': 16, 'FBCSP__n_components': 6, 'classify': LogisticRegression()}                            |
| 16_8_LogisticRegression()            | 0.570 (+/-0.046) | 0.675 (+/-0.031) | {'FBCSP__k': 16, 'FBCSP__n_components': 8, 'classify': LogisticRegression()}                            |
| [8, 32]_4_8_LogisticRegression()     | 0.559 (+/-0.100) | 0.642 (+/-0.043) | {'FBCSP__band': [8, 32], 'FBCSP__k': 4, 'FBCSP__n_components': 8, 'classify': LogisticRegression()}     |
| [8, 32]_4_6_LogisticRegression()     | 0.559 (+/-0.100) | 0.642 (+/-0.043) | {'FBCSP__band': [8, 32], 'FBCSP__k': 4, 'FBCSP__n_components': 6, 'classify': LogisticRegression()}     |
| [8, 32]_4_4_LogisticRegression()     | 0.559 (+/-0.100) | 0.642 (+/-0.043) | {'FBCSP__band': [8, 32], 'FBCSP__k': 4, 'FBCSP__n_components': 4, 'classify': LogisticRegression()}     |
| 16_8_SVC()                           | 0.557 (+/-0.024) | 0.715 (+/-0.023) | {'FBCSP__k': 16, 'FBCSP__n_components': 8, 'classify': SVC()}                                           |
| 16_6_SVC()                           | 0.557 (+/-0.024) | 0.715 (+/-0.023) | {'FBCSP__k': 16, 'FBCSP__n_components': 6, 'classify': SVC()}                                           |
| 16_5_SVC()                           | 0.557 (+/-0.024) | 0.715 (+/-0.023) | {'FBCSP__k': 16, 'FBCSP__n_components': 5, 'classify': SVC()}                                           |
| 16_7_SVC()                           | 0.557 (+/-0.024) | 0.715 (+/-0.023) | {'FBCSP__k': 16, 'FBCSP__n_components': 7, 'classify': SVC()}                                           |
| 16_4_SVC()                           | 0.557 (+/-0.024) | 0.715 (+/-0.023) | {'FBCSP__k': 16, 'FBCSP__n_components': 4, 'classify': SVC()}                                           |
| 8_4_LogisticRegression()             | 0.554 (+/-0.028) | 0.645 (+/-0.028) | {'FBCSP__k': 8, 'FBCSP__n_components': 4, 'classify': LogisticRegression()}                             |
| 8_8_LogisticRegression()             | 0.554 (+/-0.028) | 0.645 (+/-0.028) | {'FBCSP__k': 8, 'FBCSP__n_components': 8, 'classify': LogisticRegression()}                             |
| 8_7_LogisticRegression()             | 0.554 (+/-0.028) | 0.645 (+/-0.028) | {'FBCSP__k': 8, 'FBCSP__n_components': 7, 'classify': LogisticRegression()}                             |
| 8_6_LogisticRegression()             | 0.554 (+/-0.028) | 0.645 (+/-0.028) | {'FBCSP__k': 8, 'FBCSP__n_components': 6, 'classify': LogisticRegression()}                             |
| 8_5_LogisticRegression()             | 0.554 (+/-0.028) | 0.645 (+/-0.028) | {'FBCSP__k': 8, 'FBCSP__n_components': 5, 'classify': LogisticRegression()}                             |
| [8, 32]_2_8_SVC(kernel='poly')       | 0.545 (+/-0.090) | 0.618 (+/-0.056) | {'FBCSP__band': [8, 32], 'FBCSP__k': 2, 'FBCSP__n_components': 8, 'classify': SVC(kernel='poly')}       |
| [8, 32]_2_6_SVC(kernel='poly')       | 0.545 (+/-0.090) | 0.618 (+/-0.056) | {'FBCSP__band': [8, 32], 'FBCSP__k': 2, 'FBCSP__n_components': 6, 'classify': SVC(kernel='poly')}       |
| [8, 32]_2_4_SVC(kernel='poly')       | 0.545 (+/-0.090) | 0.618 (+/-0.056) | {'FBCSP__band': [8, 32], 'FBCSP__k': 2, 'FBCSP__n_components': 4, 'classify': SVC(kernel='poly')}       |
| [8, 20, 32]_4_8_LogisticRegression() | 0.542 (+/-0.024) | 0.635 (+/-0.023) | {'FBCSP__band': [8, 20, 32], 'FBCSP__k': 4, 'FBCSP__n_components': 8, 'classify': LogisticRegression()} |
| [8, 20, 32]_4_6_LogisticRegression() | 0.542 (+/-0.024) | 0.635 (+/-0.023) | {'FBCSP__band': [8, 20, 32], 'FBCSP__k': 4, 'FBCSP__n_components': 6, 'classify': LogisticRegression()} |
| [8, 20, 32]_4_4_LogisticRegression() | 0.542 (+/-0.024) | 0.635 (+/-0.023) | {'FBCSP__band': [8, 20, 32], 'FBCSP__k': 4, 'FBCSP__n_components': 4, 'classify': LogisticRegression()} |
| [8, 20, 32]_4_6_SVC(kernel='poly')   | 0.538 (+/-0.019) | 0.648 (+/-0.037) | {'FBCSP__band': [8, 20, 32], 'FBCSP__k': 4, 'FBCSP__n_components': 6, 'classify': SVC(kernel='poly')}   |
| [8, 20, 32]_4_8_SVC(kernel='poly')   | 0.538 (+/-0.019) | 0.648 (+/-0.037) | {'FBCSP__band': [8, 20, 32], 'FBCSP__k': 4, 'FBCSP__n_components': 8, 'classify': SVC(kernel='poly')}   |
| [8, 20, 32]_4_4_SVC(kernel='poly')   | 0.538 (+/-0.019) | 0.648 (+/-0.037) | {'FBCSP__band': [8, 20, 32], 'FBCSP__k': 4, 'FBCSP__n_components': 4, 'classify': SVC(kernel='poly')}   |
| [8, 20, 32]_8_4_SVC(kernel='poly')   | 0.536 (+/-0.036) | 0.705 (+/-0.033) | {'FBCSP__band': [8, 20, 32], 'FBCSP__k': 8, 'FBCSP__n_components': 4, 'classify': SVC(kernel='poly')}   |
| [8, 20, 32]_8_6_SVC(kernel='poly')   | 0.536 (+/-0.036) | 0.705 (+/-0.033) | {'FBCSP__band': [8, 20, 32], 'FBCSP__k': 8, 'FBCSP__n_components': 6, 'classify': SVC(kernel='poly')}   |
| [8, 32]_2_6_SVC()                    | 0.536 (+/-0.076) | 0.631 (+/-0.055) | {'FBCSP__band': [8, 32], 'FBCSP__k': 2, 'FBCSP__n_components': 6, 'classify': SVC()}                    |
| [8, 32]_2_8_SVC()                    | 0.536 (+/-0.076) | 0.631 (+/-0.055) | {'FBCSP__band': [8, 32], 'FBCSP__k': 2, 'FBCSP__n_components': 8, 'classify': SVC()}                    |
| [8, 20, 32]_8_8_SVC(kernel='poly')   | 0.536 (+/-0.036) | 0.705 (+/-0.033) | {'FBCSP__band': [8, 20, 32], 'FBCSP__k': 8, 'FBCSP__n_components': 8, 'classify': SVC(kernel='poly')}   |
| 8_4_SVC()                            | 0.536 (+/-0.013) | 0.695 (+/-0.019) | {'FBCSP__k': 8, 'FBCSP__n_components': 4, 'classify': SVC()}                                            |
| 8_5_SVC()                            | 0.536 (+/-0.013) | 0.695 (+/-0.019) | {'FBCSP__k': 8, 'FBCSP__n_components': 5, 'classify': SVC()}                                            |
| 8_6_SVC()                            | 0.536 (+/-0.013) | 0.695 (+/-0.019) | {'FBCSP__k': 8, 'FBCSP__n_components': 6, 'classify': SVC()}                                            |
| 8_7_SVC()                            | 0.536 (+/-0.013) | 0.695 (+/-0.019) | {'FBCSP__k': 8, 'FBCSP__n_components': 7, 'classify': SVC()}                                            |
| 8_8_SVC()                            | 0.536 (+/-0.013) | 0.695 (+/-0.019) | {'FBCSP__k': 8, 'FBCSP__n_components': 8, 'classify': SVC()}                                            |
| [8, 32]_2_4_SVC()                    | 0.536 (+/-0.076) | 0.631 (+/-0.055) | {'FBCSP__band': [8, 32], 'FBCSP__k': 2, 'FBCSP__n_components': 4, 'classify': SVC()}                    |
| [8, 20, 32]_8_6_LogisticRegression() | 0.534 (+/-0.026) | 0.677 (+/-0.042) | {'FBCSP__band': [8, 20, 32], 'FBCSP__k': 8, 'FBCSP__n_components': 6, 'classify': LogisticRegression()} |
| [8, 20, 32]_8_4_LogisticRegression() | 0.534 (+/-0.026) | 0.677 (+/-0.042) | {'FBCSP__band': [8, 20, 32], 'FBCSP__k': 8, 'FBCSP__n_components': 4, 'classify': LogisticRegression()} |
| [8, 20, 32]_8_8_LogisticRegression() | 0.534 (+/-0.026) | 0.677 (+/-0.042) | {'FBCSP__band': [8, 20, 32], 'FBCSP__k': 8, 'FBCSP__n_components': 8, 'classify': LogisticRegression()} |
| [8, 20, 32]_2_8_LogisticRegression() | 0.534 (+/-0.049) | 0.591 (+/-0.035) | {'FBCSP__band': [8, 20, 32], 'FBCSP__k': 2, 'FBCSP__n_components': 8, 'classify': LogisticRegression()} |
| [8, 20, 32]_2_6_LogisticRegression() | 0.534 (+/-0.049) | 0.591 (+/-0.035) | {'FBCSP__band': [8, 20, 32], 'FBCSP__k': 2, 'FBCSP__n_components': 6, 'classify': LogisticRegression()} |
| [8, 20, 32]_2_4_LogisticRegression() | 0.534 (+/-0.049) | 0.591 (+/-0.035) | {'FBCSP__band': [8, 20, 32], 'FBCSP__k': 2, 'FBCSP__n_components': 4, 'classify': LogisticRegression()} |
| [8, 32]_2_4_LogisticRegression()     | 0.531 (+/-0.084) | 0.617 (+/-0.045) | {'FBCSP__band': [8, 32], 'FBCSP__k': 2, 'FBCSP__n_components': 4, 'classify': LogisticRegression()}     |
| [8, 32]_2_6_LogisticRegression()     | 0.531 (+/-0.084) | 0.617 (+/-0.045) | {'FBCSP__band': [8, 32], 'FBCSP__k': 2, 'FBCSP__n_components': 6, 'classify': LogisticRegression()}     |
| [8, 32]_2_8_LogisticRegression()     | 0.531 (+/-0.084) | 0.617 (+/-0.045) | {'FBCSP__band': [8, 32], 'FBCSP__k': 2, 'FBCSP__n_components': 8, 'classify': LogisticRegression()}     |
| [8, 20, 32]_2_4_SVC()                | 0.530 (+/-0.031) | 0.623 (+/-0.017) | {'FBCSP__band': [8, 20, 32], 'FBCSP__k': 2, 'FBCSP__n_components': 4, 'classify': SVC()}                |
| [8, 20, 32]_4_8_SVC()                | 0.530 (+/-0.015) | 0.668 (+/-0.024) | {'FBCSP__band': [8, 20, 32], 'FBCSP__k': 4, 'FBCSP__n_components': 8, 'classify': SVC()}                |
| [8, 20, 32]_4_6_SVC()                | 0.530 (+/-0.015) | 0.668 (+/-0.024) | {'FBCSP__band': [8, 20, 32], 'FBCSP__k': 4, 'FBCSP__n_components': 6, 'classify': SVC()}                |
| [8, 20, 32]_4_4_SVC()                | 0.530 (+/-0.015) | 0.668 (+/-0.024) | {'FBCSP__band': [8, 20, 32], 'FBCSP__k': 4, 'FBCSP__n_components': 4, 'classify': SVC()}                |
| [8, 20, 32]_2_8_SVC()                | 0.530 (+/-0.031) | 0.623 (+/-0.017) | {'FBCSP__band': [8, 20, 32], 'FBCSP__k': 2, 'FBCSP__n_components': 8, 'classify': SVC()}                |
| [8, 20, 32]_2_6_SVC()                | 0.530 (+/-0.031) | 0.623 (+/-0.017) | {'FBCSP__band': [8, 20, 32], 'FBCSP__k': 2, 'FBCSP__n_components': 6, 'classify': SVC()}                |
| [8, 20, 32]_8_8_SVC()                | 0.528 (+/-0.027) | 0.712 (+/-0.032) | {'FBCSP__band': [8, 20, 32], 'FBCSP__k': 8, 'FBCSP__n_components': 8, 'classify': SVC()}                |
| [8, 20, 32]_8_6_SVC()                | 0.528 (+/-0.027) | 0.712 (+/-0.032) | {'FBCSP__band': [8, 20, 32], 'FBCSP__k': 8, 'FBCSP__n_components': 6, 'classify': SVC()}                |
| [8, 20, 32]_8_4_SVC()                | 0.528 (+/-0.027) | 0.712 (+/-0.032) | {'FBCSP__band': [8, 20, 32], 'FBCSP__k': 8, 'FBCSP__n_components': 4, 'classify': SVC()}                |
| [8, 20, 32]_2_8_SVC(kernel='poly')   | 0.515 (+/-0.069) | 0.595 (+/-0.033) | {'FBCSP__band': [8, 20, 32], 'FBCSP__k': 2, 'FBCSP__n_components': 8, 'classify': SVC(kernel='poly')}   |
| [8, 20, 32]_2_6_SVC(kernel='poly')   | 0.515 (+/-0.069) | 0.595 (+/-0.033) | {'FBCSP__band': [8, 20, 32], 'FBCSP__k': 2, 'FBCSP__n_components': 6, 'classify': SVC(kernel='poly')}   |
| [8, 20, 32]_2_4_SVC(kernel='poly')   | 0.515 (+/-0.069) | 0.595 (+/-0.033) | {'FBCSP__band': [8, 20, 32], 'FBCSP__k': 2, 'FBCSP__n_components': 4, 'classify': SVC(kernel='poly')}   |
| [8, 32]_4_4_SVC()                    | 0.504 (+/-0.067) | 0.705 (+/-0.027) | {'FBCSP__band': [8, 32], 'FBCSP__k': 4, 'FBCSP__n_components': 4, 'classify': SVC()}                    |
| [8, 32]_4_8_SVC()                    | 0.504 (+/-0.067) | 0.705 (+/-0.027) | {'FBCSP__band': [8, 32], 'FBCSP__k': 4, 'FBCSP__n_components': 8, 'classify': SVC()}                    |
| [8, 32]_4_6_SVC()                    | 0.504 (+/-0.067) | 0.705 (+/-0.027) | {'FBCSP__band': [8, 32], 'FBCSP__k': 4, 'FBCSP__n_components': 6, 'classify': SVC()}                    |
| [8, 32]_4_4_SVC(kernel='poly')       | 0.495 (+/-0.059) | 0.669 (+/-0.030) | {'FBCSP__band': [8, 32], 'FBCSP__k': 4, 'FBCSP__n_components': 4, 'classify': SVC(kernel='poly')}       |
| [8, 32]_4_6_SVC(kernel='poly')       | 0.495 (+/-0.059) | 0.669 (+/-0.030) | {'FBCSP__band': [8, 32], 'FBCSP__k': 4, 'FBCSP__n_components': 6, 'classify': SVC(kernel='poly')}       |
| [8, 32]_4_8_SVC(kernel='poly')       | 0.495 (+/-0.059) | 0.669 (+/-0.030) | {'FBCSP__band': [8, 32], 'FBCSP__k': 4, 'FBCSP__n_components': 8, 'classify': SVC(kernel='poly')}       |
| 32_5_SVC()                           | nan (+/-nan)     | nan (+/-nan)     | {'FBCSP__k': 32, 'FBCSP__n_components': 5, 'classify': SVC()}                                           |
| 32_8_SVC()                           | nan (+/-nan)     | nan (+/-nan)     | {'FBCSP__k': 32, 'FBCSP__n_components': 8, 'classify': SVC()}                                           |
| 32_8_LogisticRegression()            | nan (+/-nan)     | nan (+/-nan)     | {'FBCSP__k': 32, 'FBCSP__n_components': 8, 'classify': LogisticRegression()}                            |
| [8, 32]_8_4_SVC()                    | nan (+/-nan)     | nan (+/-nan)     | {'FBCSP__band': [8, 32], 'FBCSP__k': 8, 'FBCSP__n_components': 4, 'classify': SVC()}                    |
| 32_7_SVC()                           | nan (+/-nan)     | nan (+/-nan)     | {'FBCSP__k': 32, 'FBCSP__n_components': 7, 'classify': SVC()}                                           |
| [8, 32]_8_4_LogisticRegression()     | nan (+/-nan)     | nan (+/-nan)     | {'FBCSP__band': [8, 32], 'FBCSP__k': 8, 'FBCSP__n_components': 4, 'classify': LogisticRegression()}     |
| [8, 32]_8_4_SVC(kernel='poly')       | nan (+/-nan)     | nan (+/-nan)     | {'FBCSP__band': [8, 32], 'FBCSP__k': 8, 'FBCSP__n_components': 4, 'classify': SVC(kernel='poly')}       |
| 32_7_LogisticRegression()            | nan (+/-nan)     | nan (+/-nan)     | {'FBCSP__k': 32, 'FBCSP__n_components': 7, 'classify': LogisticRegression()}                            |
| [8, 32]_8_6_SVC()                    | nan (+/-nan)     | nan (+/-nan)     | {'FBCSP__band': [8, 32], 'FBCSP__k': 8, 'FBCSP__n_components': 6, 'classify': SVC()}                    |
| 32_4_LogisticRegression()            | nan (+/-nan)     | nan (+/-nan)     | {'FBCSP__k': 32, 'FBCSP__n_components': 4, 'classify': LogisticRegression()}                            |
| [8, 32]_8_6_SVC(kernel='poly')       | nan (+/-nan)     | nan (+/-nan)     | {'FBCSP__band': [8, 32], 'FBCSP__k': 8, 'FBCSP__n_components': 6, 'classify': SVC(kernel='poly')}       |
| 32_4_SVC()                           | nan (+/-nan)     | nan (+/-nan)     | {'FBCSP__k': 32, 'FBCSP__n_components': 4, 'classify': SVC()}                                           |
| 32_5_LogisticRegression()            | nan (+/-nan)     | nan (+/-nan)     | {'FBCSP__k': 32, 'FBCSP__n_components': 5, 'classify': LogisticRegression()}                            |
| [8, 32]_8_8_SVC()                    | nan (+/-nan)     | nan (+/-nan)     | {'FBCSP__band': [8, 32], 'FBCSP__k': 8, 'FBCSP__n_components': 8, 'classify': SVC()}                    |
| [8, 32]_8_8_LogisticRegression()     | nan (+/-nan)     | nan (+/-nan)     | {'FBCSP__band': [8, 32], 'FBCSP__k': 8, 'FBCSP__n_components': 8, 'classify': LogisticRegression()}     |
| [8, 32]_8_8_SVC(kernel='poly')       | nan (+/-nan)     | nan (+/-nan)     | {'FBCSP__band': [8, 32], 'FBCSP__k': 8, 'FBCSP__n_components': 8, 'classify': SVC(kernel='poly')}       |
| 32_6_LogisticRegression()            | nan (+/-nan)     | nan (+/-nan)     | {'FBCSP__k': 32, 'FBCSP__n_components': 6, 'classify': LogisticRegression()}                            |
| [8, 32]_8_6_LogisticRegression()     | nan (+/-nan)     | nan (+/-nan)     | {'FBCSP__band': [8, 32], 'FBCSP__k': 8, 'FBCSP__n_components': 6, 'classify': LogisticRegression()}     |
| 32_6_SVC()                           | nan (+/-nan)     | nan (+/-nan)     | {'FBCSP__k': 32, 'FBCSP__n_components': 6, 'classify': SVC()}                                           |
