# ea & Leave1Out
## CSP + classifier
| abbr.                            | test_score       | train_score      | params                                                                            |
|----------------------------------|------------------|------------------|-----------------------------------------------------------------------------------|
| euclid_5_LogisticRegression()    | 0.622 (+/-0.108) | 0.662 (+/-0.024) | {'CSP__metric': 'euclid', 'CSP__nfilter': 5, 'classify': LogisticRegression()}    |
| euclid_7_SVC()                   | 0.619 (+/-0.093) | 0.749 (+/-0.021) | {'CSP__metric': 'euclid', 'CSP__nfilter': 7, 'classify': SVC()}                   |
| riemann_5_SVC()                  | 0.619 (+/-0.090) | 0.731 (+/-0.022) | {'CSP__metric': 'riemann', 'CSP__nfilter': 5, 'classify': SVC()}                  |
| logeuclid_5_SVC()                | 0.616 (+/-0.091) | 0.730 (+/-0.022) | {'CSP__metric': 'logeuclid', 'CSP__nfilter': 5, 'classify': SVC()}                |
| euclid_5_SVC()                   | 0.615 (+/-0.097) | 0.725 (+/-0.026) | {'CSP__metric': 'euclid', 'CSP__nfilter': 5, 'classify': SVC()}                   |
| euclid_8_SVC()                   | 0.613 (+/-0.097) | 0.753 (+/-0.019) | {'CSP__metric': 'euclid', 'CSP__nfilter': 8, 'classify': SVC()}                   |
| logeuclid_5_LogisticRegression() | 0.611 (+/-0.111) | 0.692 (+/-0.019) | {'CSP__metric': 'logeuclid', 'CSP__nfilter': 5, 'classify': LogisticRegression()} |
| riemann_5_LogisticRegression()   | 0.610 (+/-0.109) | 0.690 (+/-0.021) | {'CSP__metric': 'riemann', 'CSP__nfilter': 5, 'classify': LogisticRegression()}   |
| euclid_7_LogisticRegression()    | 0.610 (+/-0.108) | 0.674 (+/-0.029) | {'CSP__metric': 'euclid', 'CSP__nfilter': 7, 'classify': LogisticRegression()}    |
| euclid_8_LogisticRegression()    | 0.609 (+/-0.109) | 0.675 (+/-0.026) | {'CSP__metric': 'euclid', 'CSP__nfilter': 8, 'classify': LogisticRegression()}    |
| euclid_6_LogisticRegression()    | 0.607 (+/-0.113) | 0.674 (+/-0.022) | {'CSP__metric': 'euclid', 'CSP__nfilter': 6, 'classify': LogisticRegression()}    |
| euclid_6_SVC()                   | 0.604 (+/-0.093) | 0.745 (+/-0.019) | {'CSP__metric': 'euclid', 'CSP__nfilter': 6, 'classify': SVC()}                   |
| riemann_6_LogisticRegression()   | 0.603 (+/-0.089) | 0.699 (+/-0.022) | {'CSP__metric': 'riemann', 'CSP__nfilter': 6, 'classify': LogisticRegression()}   |
| logeuclid_8_LogisticRegression() | 0.601 (+/-0.078) | 0.720 (+/-0.012) | {'CSP__metric': 'logeuclid', 'CSP__nfilter': 8, 'classify': LogisticRegression()} |
| logeuclid_6_LogisticRegression() | 0.600 (+/-0.090) | 0.698 (+/-0.020) | {'CSP__metric': 'logeuclid', 'CSP__nfilter': 6, 'classify': LogisticRegression()} |
| logeuclid_4_LogisticRegression() | 0.600 (+/-0.103) | 0.691 (+/-0.022) | {'CSP__metric': 'logeuclid', 'CSP__nfilter': 4, 'classify': LogisticRegression()} |
| riemann_4_SVC()                  | 0.599 (+/-0.079) | 0.725 (+/-0.026) | {'CSP__metric': 'riemann', 'CSP__nfilter': 4, 'classify': SVC()}                  |
| riemann_4_LogisticRegression()   | 0.599 (+/-0.105) | 0.691 (+/-0.023) | {'CSP__metric': 'riemann', 'CSP__nfilter': 4, 'classify': LogisticRegression()}   |
| riemann_8_LogisticRegression()   | 0.598 (+/-0.078) | 0.721 (+/-0.012) | {'CSP__metric': 'riemann', 'CSP__nfilter': 8, 'classify': LogisticRegression()}   |
| logeuclid_4_SVC()                | 0.596 (+/-0.082) | 0.725 (+/-0.025) | {'CSP__metric': 'logeuclid', 'CSP__nfilter': 4, 'classify': SVC()}                |
| logeuclid_6_SVC()                | 0.594 (+/-0.081) | 0.746 (+/-0.028) | {'CSP__metric': 'logeuclid', 'CSP__nfilter': 6, 'classify': SVC()}                |
| logeuclid_7_LogisticRegression() | 0.593 (+/-0.081) | 0.719 (+/-0.021) | {'CSP__metric': 'logeuclid', 'CSP__nfilter': 7, 'classify': LogisticRegression()} |
| riemann_6_SVC()                  | 0.590 (+/-0.082) | 0.747 (+/-0.029) | {'CSP__metric': 'riemann', 'CSP__nfilter': 6, 'classify': SVC()}                  |
| riemann_7_LogisticRegression()   | 0.589 (+/-0.083) | 0.719 (+/-0.022) | {'CSP__metric': 'riemann', 'CSP__nfilter': 7, 'classify': LogisticRegression()}   |
| riemann_7_SVC()                  | 0.580 (+/-0.076) | 0.767 (+/-0.011) | {'CSP__metric': 'riemann', 'CSP__nfilter': 7, 'classify': SVC()}                  |
| logeuclid_7_SVC()                | 0.579 (+/-0.071) | 0.763 (+/-0.010) | {'CSP__metric': 'logeuclid', 'CSP__nfilter': 7, 'classify': SVC()}                |
| riemann_8_SVC()                  | 0.579 (+/-0.074) | 0.773 (+/-0.007) | {'CSP__metric': 'riemann', 'CSP__nfilter': 8, 'classify': SVC()}                  |
| logeuclid_8_SVC()                | 0.578 (+/-0.070) | 0.770 (+/-0.007) | {'CSP__metric': 'logeuclid', 'CSP__nfilter': 8, 'classify': SVC()}                |
| euclid_4_SVC()                   | 0.564 (+/-0.081) | 0.704 (+/-0.027) | {'CSP__metric': 'euclid', 'CSP__nfilter': 4, 'classify': SVC()}                   |
| euclid_4_LogisticRegression()    | 0.555 (+/-0.084) | 0.663 (+/-0.028) | {'CSP__metric': 'euclid', 'CSP__nfilter': 4, 'classify': LogisticRegression()}    |
