# ra & Leave1Out
## EEGnet classify
| abbr.          | test_score       | train_score      | params                                                             |
|----------------|------------------|------------------|--------------------------------------------------------------------|
| 150_ra_0.6_200 | 0.614 (+/-0.133) | 0.654 (+/-0.029) | {'batch_size': 150, 'data': 'ra', 'dropout_p': 0.6, 'epochs': 200} |
| 100_ra_0.6_200 | 0.614 (+/-0.107) | 0.700 (+/-0.046) | {'batch_size': 100, 'data': 'ra', 'dropout_p': 0.6, 'epochs': 200} |
| 150_ra_0.2_300 | 0.605 (+/-0.108) | 0.697 (+/-0.089) | {'batch_size': 150, 'data': 'ra', 'dropout_p': 0.2, 'epochs': 300} |
| 100_ra_0.6_250 | 0.605 (+/-0.081) | 0.716 (+/-0.126) | {'batch_size': 100, 'data': 'ra', 'dropout_p': 0.6, 'epochs': 250} |
| 200_ra_0.2_350 | 0.600 (+/-0.086) | 0.708 (+/-0.096) | {'batch_size': 200, 'data': 'ra', 'dropout_p': 0.2, 'epochs': 350} |
| 150_ra_0.2_350 | 0.600 (+/-0.082) | 0.712 (+/-0.100) | {'batch_size': 150, 'data': 'ra', 'dropout_p': 0.2, 'epochs': 350} |
| 150_ra_0.4_350 | 0.600 (+/-0.084) | 0.700 (+/-0.025) | {'batch_size': 150, 'data': 'ra', 'dropout_p': 0.4, 'epochs': 350} |
| 100_ra_0.4_400 | 0.598 (+/-0.096) | 0.637 (+/-0.083) | {'batch_size': 100, 'data': 'ra', 'dropout_p': 0.4, 'epochs': 400} |
| 200_ra_0.4_400 | 0.596 (+/-0.061) | 0.732 (+/-0.078) | {'batch_size': 200, 'data': 'ra', 'dropout_p': 0.4, 'epochs': 400} |
| 100_ra_0.6_150 | 0.594 (+/-0.053) | 0.666 (+/-0.088) | {'batch_size': 100, 'data': 'ra', 'dropout_p': 0.6, 'epochs': 150} |
| 200_ra_0.6_350 | 0.594 (+/-0.093) | 0.626 (+/-0.072) | {'batch_size': 200, 'data': 'ra', 'dropout_p': 0.6, 'epochs': 350} |
| 150_ra_0.4_250 | 0.591 (+/-0.077) | 0.720 (+/-0.044) | {'batch_size': 150, 'data': 'ra', 'dropout_p': 0.4, 'epochs': 250} |
| 100_ra_0.2_350 | 0.590 (+/-0.088) | 0.625 (+/-0.066) | {'batch_size': 100, 'data': 'ra', 'dropout_p': 0.2, 'epochs': 350} |
| 100_ra_0.4_200 | 0.589 (+/-0.082) | 0.674 (+/-0.060) | {'batch_size': 100, 'data': 'ra', 'dropout_p': 0.4, 'epochs': 200} |
| 150_ra_0.2_400 | 0.589 (+/-0.064) | 0.689 (+/-0.121) | {'batch_size': 150, 'data': 'ra', 'dropout_p': 0.2, 'epochs': 400} |
| 200_ra_0.4_350 | 0.588 (+/-0.083) | 0.705 (+/-0.102) | {'batch_size': 200, 'data': 'ra', 'dropout_p': 0.4, 'epochs': 350} |
| 100_ra_0.4_300 | 0.583 (+/-0.095) | 0.680 (+/-0.039) | {'batch_size': 100, 'data': 'ra', 'dropout_p': 0.4, 'epochs': 300} |
| 150_ra_0.2_250 | 0.583 (+/-0.081) | 0.665 (+/-0.065) | {'batch_size': 150, 'data': 'ra', 'dropout_p': 0.2, 'epochs': 250} |
| 100_ra_0.6_300 | 0.581 (+/-0.044) | 0.707 (+/-0.125) | {'batch_size': 100, 'data': 'ra', 'dropout_p': 0.6, 'epochs': 300} |
| 100_ra_0.4_350 | 0.581 (+/-0.083) | 0.650 (+/-0.055) | {'batch_size': 100, 'data': 'ra', 'dropout_p': 0.4, 'epochs': 350} |
| 100_ra_0.6_350 | 0.580 (+/-0.087) | 0.675 (+/-0.072) | {'batch_size': 100, 'data': 'ra', 'dropout_p': 0.6, 'epochs': 350} |
| 100_ra_0.6_400 | 0.580 (+/-0.056) | 0.732 (+/-0.119) | {'batch_size': 100, 'data': 'ra', 'dropout_p': 0.6, 'epochs': 400} |
| 150_ra_0.4_400 | 0.579 (+/-0.074) | 0.661 (+/-0.076) | {'batch_size': 150, 'data': 'ra', 'dropout_p': 0.4, 'epochs': 400} |
| 150_ra_0.6_350 | 0.578 (+/-0.084) | 0.664 (+/-0.113) | {'batch_size': 150, 'data': 'ra', 'dropout_p': 0.6, 'epochs': 350} |
| 100_ra_0.4_250 | 0.576 (+/-0.081) | 0.624 (+/-0.037) | {'batch_size': 100, 'data': 'ra', 'dropout_p': 0.4, 'epochs': 250} |
| 200_ra_0.2_200 | 0.576 (+/-0.074) | 0.658 (+/-0.101) | {'batch_size': 200, 'data': 'ra', 'dropout_p': 0.2, 'epochs': 200} |
| 100_ra_0.2_150 | 0.576 (+/-0.074) | 0.615 (+/-0.027) | {'batch_size': 100, 'data': 'ra', 'dropout_p': 0.2, 'epochs': 150} |
| 150_ra_0.2_150 | 0.574 (+/-0.080) | 0.594 (+/-0.063) | {'batch_size': 150, 'data': 'ra', 'dropout_p': 0.2, 'epochs': 150} |
| 200_ra_0.6_400 | 0.573 (+/-0.068) | 0.686 (+/-0.086) | {'batch_size': 200, 'data': 'ra', 'dropout_p': 0.6, 'epochs': 400} |
| 200_ra_0.4_250 | 0.573 (+/-0.058) | 0.642 (+/-0.060) | {'batch_size': 200, 'data': 'ra', 'dropout_p': 0.4, 'epochs': 250} |
| 150_ra_0.6_400 | 0.571 (+/-0.073) | 0.694 (+/-0.082) | {'batch_size': 150, 'data': 'ra', 'dropout_p': 0.6, 'epochs': 400} |
| 200_ra_0.6_200 | 0.569 (+/-0.064) | 0.654 (+/-0.013) | {'batch_size': 200, 'data': 'ra', 'dropout_p': 0.6, 'epochs': 200} |
| 150_ra_0.4_200 | 0.567 (+/-0.047) | 0.650 (+/-0.076) | {'batch_size': 150, 'data': 'ra', 'dropout_p': 0.4, 'epochs': 200} |
| 150_ra_0.6_150 | 0.566 (+/-0.073) | 0.617 (+/-0.043) | {'batch_size': 150, 'data': 'ra', 'dropout_p': 0.6, 'epochs': 150} |
| 200_ra_0.2_250 | 0.565 (+/-0.060) | 0.607 (+/-0.054) | {'batch_size': 200, 'data': 'ra', 'dropout_p': 0.2, 'epochs': 250} |
| 100_ra_0.2_300 | 0.565 (+/-0.072) | 0.613 (+/-0.068) | {'batch_size': 100, 'data': 'ra', 'dropout_p': 0.2, 'epochs': 300} |
| 150_ra_0.4_150 | 0.565 (+/-0.085) | 0.597 (+/-0.023) | {'batch_size': 150, 'data': 'ra', 'dropout_p': 0.4, 'epochs': 150} |
| 150_ra_0.6_250 | 0.560 (+/-0.036) | 0.640 (+/-0.060) | {'batch_size': 150, 'data': 'ra', 'dropout_p': 0.6, 'epochs': 250} |
| 100_ra_0.2_400 | 0.557 (+/-0.077) | 0.677 (+/-0.040) | {'batch_size': 100, 'data': 'ra', 'dropout_p': 0.2, 'epochs': 400} |
| 200_ra_0.2_150 | 0.551 (+/-0.056) | 0.562 (+/-0.033) | {'batch_size': 200, 'data': 'ra', 'dropout_p': 0.2, 'epochs': 150} |
| 150_ra_0.4_300 | 0.551 (+/-0.049) | 0.670 (+/-0.065) | {'batch_size': 150, 'data': 'ra', 'dropout_p': 0.4, 'epochs': 300} |
| 200_ra_0.6_300 | 0.550 (+/-0.048) | 0.606 (+/-0.027) | {'batch_size': 200, 'data': 'ra', 'dropout_p': 0.6, 'epochs': 300} |
| 100_ra_0.2_250 | 0.548 (+/-0.060) | 0.610 (+/-0.038) | {'batch_size': 100, 'data': 'ra', 'dropout_p': 0.2, 'epochs': 250} |
| 200_ra_0.2_400 | 0.544 (+/-0.045) | 0.647 (+/-0.096) | {'batch_size': 200, 'data': 'ra', 'dropout_p': 0.2, 'epochs': 400} |
| 100_ra_0.2_200 | 0.544 (+/-0.056) | 0.661 (+/-0.067) | {'batch_size': 100, 'data': 'ra', 'dropout_p': 0.2, 'epochs': 200} |
| 200_ra_0.6_150 | 0.540 (+/-0.061) | 0.626 (+/-0.043) | {'batch_size': 200, 'data': 'ra', 'dropout_p': 0.6, 'epochs': 150} |
| 150_ra_0.6_300 | 0.539 (+/-0.042) | 0.551 (+/-0.040) | {'batch_size': 150, 'data': 'ra', 'dropout_p': 0.6, 'epochs': 300} |
| 200_ra_0.4_150 | 0.534 (+/-0.048) | 0.585 (+/-0.027) | {'batch_size': 200, 'data': 'ra', 'dropout_p': 0.4, 'epochs': 150} |
| 100_ra_0.4_150 | 0.526 (+/-0.018) | 0.622 (+/-0.049) | {'batch_size': 100, 'data': 'ra', 'dropout_p': 0.4, 'epochs': 150} |
| 200_ra_0.6_250 | 0.525 (+/-0.029) | 0.615 (+/-0.076) | {'batch_size': 200, 'data': 'ra', 'dropout_p': 0.6, 'epochs': 250} |
| 150_ra_0.2_200 | 0.525 (+/-0.025) | 0.618 (+/-0.095) | {'batch_size': 150, 'data': 'ra', 'dropout_p': 0.2, 'epochs': 200} |
| 200_ra_0.4_300 | 0.516 (+/-0.015) | 0.639 (+/-0.106) | {'batch_size': 200, 'data': 'ra', 'dropout_p': 0.4, 'epochs': 300} |
| 200_ra_0.4_200 | 0.510 (+/-0.037) | 0.625 (+/-0.069) | {'batch_size': 200, 'data': 'ra', 'dropout_p': 0.4, 'epochs': 200} |
| 200_ra_0.2_300 | 0.509 (+/-0.030) | 0.570 (+/-0.042) | {'batch_size': 200, 'data': 'ra', 'dropout_p': 0.2, 'epochs': 300} |
