# orig_data & Leave1Out
## EEGnet classify
| abbr.            | test_score       | train_score      | params                                                               |
|------------------|------------------|------------------|----------------------------------------------------------------------|
| 150_data_0.2_250 | 0.613 (+/-0.090) | 0.654 (+/-0.046) | {'batch_size': 150, 'data': 'data', 'dropout_p': 0.2, 'epochs': 250} |
| 100_data_0.6_350 | 0.610 (+/-0.110) | 0.732 (+/-0.030) | {'batch_size': 100, 'data': 'data', 'dropout_p': 0.6, 'epochs': 350} |
| 100_data_0.4_300 | 0.603 (+/-0.082) | 0.647 (+/-0.038) | {'batch_size': 100, 'data': 'data', 'dropout_p': 0.4, 'epochs': 300} |
| 200_data_0.6_250 | 0.603 (+/-0.090) | 0.686 (+/-0.050) | {'batch_size': 200, 'data': 'data', 'dropout_p': 0.6, 'epochs': 250} |
| 100_data_0.4_400 | 0.601 (+/-0.075) | 0.704 (+/-0.022) | {'batch_size': 100, 'data': 'data', 'dropout_p': 0.4, 'epochs': 400} |
| 150_data_0.2_300 | 0.594 (+/-0.076) | 0.665 (+/-0.054) | {'batch_size': 150, 'data': 'data', 'dropout_p': 0.2, 'epochs': 300} |
| 150_data_0.6_400 | 0.588 (+/-0.063) | 0.678 (+/-0.049) | {'batch_size': 150, 'data': 'data', 'dropout_p': 0.6, 'epochs': 400} |
| 150_data_0.6_350 | 0.585 (+/-0.085) | 0.657 (+/-0.075) | {'batch_size': 150, 'data': 'data', 'dropout_p': 0.6, 'epochs': 350} |
| 100_data_0.4_250 | 0.585 (+/-0.086) | 0.654 (+/-0.050) | {'batch_size': 100, 'data': 'data', 'dropout_p': 0.4, 'epochs': 250} |
| 100_data_0.2_350 | 0.583 (+/-0.088) | 0.689 (+/-0.010) | {'batch_size': 100, 'data': 'data', 'dropout_p': 0.2, 'epochs': 350} |
| 150_data_0.4_400 | 0.579 (+/-0.035) | 0.703 (+/-0.045) | {'batch_size': 150, 'data': 'data', 'dropout_p': 0.4, 'epochs': 400} |
| 100_data_0.2_200 | 0.578 (+/-0.076) | 0.633 (+/-0.047) | {'batch_size': 100, 'data': 'data', 'dropout_p': 0.2, 'epochs': 200} |
| 150_data_0.2_350 | 0.576 (+/-0.050) | 0.677 (+/-0.054) | {'batch_size': 150, 'data': 'data', 'dropout_p': 0.2, 'epochs': 350} |
| 150_data_0.4_250 | 0.576 (+/-0.070) | 0.682 (+/-0.008) | {'batch_size': 150, 'data': 'data', 'dropout_p': 0.4, 'epochs': 250} |
| 100_data_0.6_400 | 0.574 (+/-0.059) | 0.722 (+/-0.107) | {'batch_size': 100, 'data': 'data', 'dropout_p': 0.6, 'epochs': 400} |
| 200_data_0.2_300 | 0.574 (+/-0.078) | 0.646 (+/-0.061) | {'batch_size': 200, 'data': 'data', 'dropout_p': 0.2, 'epochs': 300} |
| 200_data_0.6_150 | 0.570 (+/-0.085) | 0.623 (+/-0.015) | {'batch_size': 200, 'data': 'data', 'dropout_p': 0.6, 'epochs': 150} |
| 200_data_0.4_300 | 0.569 (+/-0.079) | 0.653 (+/-0.038) | {'batch_size': 200, 'data': 'data', 'dropout_p': 0.4, 'epochs': 300} |
| 150_data_0.6_250 | 0.568 (+/-0.059) | 0.645 (+/-0.082) | {'batch_size': 150, 'data': 'data', 'dropout_p': 0.6, 'epochs': 250} |
| 200_data_0.4_200 | 0.568 (+/-0.041) | 0.623 (+/-0.055) | {'batch_size': 200, 'data': 'data', 'dropout_p': 0.4, 'epochs': 200} |
| 200_data_0.2_200 | 0.568 (+/-0.052) | 0.590 (+/-0.029) | {'batch_size': 200, 'data': 'data', 'dropout_p': 0.2, 'epochs': 200} |
| 200_data_0.2_400 | 0.565 (+/-0.072) | 0.634 (+/-0.030) | {'batch_size': 200, 'data': 'data', 'dropout_p': 0.2, 'epochs': 400} |
| 150_data_0.2_400 | 0.565 (+/-0.098) | 0.654 (+/-0.040) | {'batch_size': 150, 'data': 'data', 'dropout_p': 0.2, 'epochs': 400} |
| 100_data_0.4_350 | 0.562 (+/-0.058) | 0.671 (+/-0.059) | {'batch_size': 100, 'data': 'data', 'dropout_p': 0.4, 'epochs': 350} |
| 100_data_0.2_250 | 0.562 (+/-0.075) | 0.632 (+/-0.045) | {'batch_size': 100, 'data': 'data', 'dropout_p': 0.2, 'epochs': 250} |
| 200_data_0.4_350 | 0.561 (+/-0.039) | 0.627 (+/-0.059) | {'batch_size': 200, 'data': 'data', 'dropout_p': 0.4, 'epochs': 350} |
| 200_data_0.2_150 | 0.560 (+/-0.044) | 0.606 (+/-0.034) | {'batch_size': 200, 'data': 'data', 'dropout_p': 0.2, 'epochs': 150} |
| 150_data_0.6_150 | 0.560 (+/-0.026) | 0.629 (+/-0.045) | {'batch_size': 150, 'data': 'data', 'dropout_p': 0.6, 'epochs': 150} |
| 100_data_0.6_300 | 0.559 (+/-0.057) | 0.654 (+/-0.080) | {'batch_size': 100, 'data': 'data', 'dropout_p': 0.6, 'epochs': 300} |
| 150_data_0.4_300 | 0.557 (+/-0.048) | 0.628 (+/-0.047) | {'batch_size': 150, 'data': 'data', 'dropout_p': 0.4, 'epochs': 300} |
| 100_data_0.6_250 | 0.556 (+/-0.063) | 0.620 (+/-0.067) | {'batch_size': 100, 'data': 'data', 'dropout_p': 0.6, 'epochs': 250} |
| 100_data_0.2_400 | 0.554 (+/-0.061) | 0.686 (+/-0.096) | {'batch_size': 100, 'data': 'data', 'dropout_p': 0.2, 'epochs': 400} |
| 200_data_0.6_350 | 0.554 (+/-0.061) | 0.620 (+/-0.051) | {'batch_size': 200, 'data': 'data', 'dropout_p': 0.6, 'epochs': 350} |
| 200_data_0.4_250 | 0.552 (+/-0.066) | 0.625 (+/-0.053) | {'batch_size': 200, 'data': 'data', 'dropout_p': 0.4, 'epochs': 250} |
| 100_data_0.2_300 | 0.550 (+/-0.073) | 0.650 (+/-0.025) | {'batch_size': 100, 'data': 'data', 'dropout_p': 0.2, 'epochs': 300} |
| 150_data_0.6_300 | 0.549 (+/-0.067) | 0.610 (+/-0.043) | {'batch_size': 150, 'data': 'data', 'dropout_p': 0.6, 'epochs': 300} |
| 200_data_0.2_250 | 0.542 (+/-0.034) | 0.621 (+/-0.029) | {'batch_size': 200, 'data': 'data', 'dropout_p': 0.2, 'epochs': 250} |
| 150_data_0.4_350 | 0.541 (+/-0.057) | 0.642 (+/-0.051) | {'batch_size': 150, 'data': 'data', 'dropout_p': 0.4, 'epochs': 350} |
| 150_data_0.4_150 | 0.540 (+/-0.058) | 0.641 (+/-0.010) | {'batch_size': 150, 'data': 'data', 'dropout_p': 0.4, 'epochs': 150} |
| 100_data_0.4_200 | 0.539 (+/-0.039) | 0.607 (+/-0.073) | {'batch_size': 100, 'data': 'data', 'dropout_p': 0.4, 'epochs': 200} |
| 100_data_0.4_150 | 0.534 (+/-0.042) | 0.620 (+/-0.070) | {'batch_size': 100, 'data': 'data', 'dropout_p': 0.4, 'epochs': 150} |
| 150_data_0.6_200 | 0.534 (+/-0.054) | 0.586 (+/-0.041) | {'batch_size': 150, 'data': 'data', 'dropout_p': 0.6, 'epochs': 200} |
| 200_data_0.6_200 | 0.534 (+/-0.045) | 0.650 (+/-0.026) | {'batch_size': 200, 'data': 'data', 'dropout_p': 0.6, 'epochs': 200} |
| 200_data_0.2_350 | 0.534 (+/-0.038) | 0.628 (+/-0.059) | {'batch_size': 200, 'data': 'data', 'dropout_p': 0.2, 'epochs': 350} |
| 150_data_0.4_200 | 0.531 (+/-0.062) | 0.614 (+/-0.063) | {'batch_size': 150, 'data': 'data', 'dropout_p': 0.4, 'epochs': 200} |
| 100_data_0.6_200 | 0.529 (+/-0.021) | 0.629 (+/-0.054) | {'batch_size': 100, 'data': 'data', 'dropout_p': 0.6, 'epochs': 200} |
| 150_data_0.2_150 | 0.529 (+/-0.042) | 0.568 (+/-0.048) | {'batch_size': 150, 'data': 'data', 'dropout_p': 0.2, 'epochs': 150} |
| 200_data_0.4_400 | 0.529 (+/-0.023) | 0.630 (+/-0.073) | {'batch_size': 200, 'data': 'data', 'dropout_p': 0.4, 'epochs': 400} |
| 200_data_0.6_400 | 0.528 (+/-0.032) | 0.645 (+/-0.082) | {'batch_size': 200, 'data': 'data', 'dropout_p': 0.6, 'epochs': 400} |
| 150_data_0.2_200 | 0.526 (+/-0.037) | 0.596 (+/-0.063) | {'batch_size': 150, 'data': 'data', 'dropout_p': 0.2, 'epochs': 200} |
| 200_data_0.6_300 | 0.525 (+/-0.046) | 0.621 (+/-0.092) | {'batch_size': 200, 'data': 'data', 'dropout_p': 0.6, 'epochs': 300} |
| 100_data_0.2_150 | 0.524 (+/-0.011) | 0.618 (+/-0.092) | {'batch_size': 100, 'data': 'data', 'dropout_p': 0.2, 'epochs': 150} |
| 100_data_0.6_150 | 0.521 (+/-0.025) | 0.593 (+/-0.060) | {'batch_size': 100, 'data': 'data', 'dropout_p': 0.6, 'epochs': 150} |
| 200_data_0.4_150 | 0.521 (+/-0.046) | 0.596 (+/-0.052) | {'batch_size': 200, 'data': 'data', 'dropout_p': 0.4, 'epochs': 150} |
