# ea & Leave1Out
## EEGnet classify
| abbr.          | test_score       | train_score      | params                                                             |
|----------------|------------------|------------------|--------------------------------------------------------------------|
| 150_ea_0.2_400 | 0.607 (+/-0.080) | 0.745 (+/-0.080) | {'batch_size': 150, 'data': 'ea', 'dropout_p': 0.2, 'epochs': 400} |
| 150_ea_0.6_250 | 0.607 (+/-0.071) | 0.654 (+/-0.101) | {'batch_size': 150, 'data': 'ea', 'dropout_p': 0.6, 'epochs': 250} |
| 100_ea_0.2_200 | 0.603 (+/-0.100) | 0.670 (+/-0.067) | {'batch_size': 100, 'data': 'ea', 'dropout_p': 0.2, 'epochs': 200} |
| 200_ea_0.2_250 | 0.598 (+/-0.084) | 0.675 (+/-0.048) | {'batch_size': 200, 'data': 'ea', 'dropout_p': 0.2, 'epochs': 250} |
| 150_ea_0.2_250 | 0.596 (+/-0.087) | 0.720 (+/-0.043) | {'batch_size': 150, 'data': 'ea', 'dropout_p': 0.2, 'epochs': 250} |
| 150_ea_0.4_250 | 0.596 (+/-0.108) | 0.651 (+/-0.043) | {'batch_size': 150, 'data': 'ea', 'dropout_p': 0.4, 'epochs': 250} |
| 150_ea_0.4_350 | 0.596 (+/-0.097) | 0.727 (+/-0.100) | {'batch_size': 150, 'data': 'ea', 'dropout_p': 0.4, 'epochs': 350} |
| 100_ea_0.4_400 | 0.595 (+/-0.086) | 0.720 (+/-0.119) | {'batch_size': 100, 'data': 'ea', 'dropout_p': 0.4, 'epochs': 400} |
| 100_ea_0.6_300 | 0.595 (+/-0.105) | 0.712 (+/-0.070) | {'batch_size': 100, 'data': 'ea', 'dropout_p': 0.6, 'epochs': 300} |
| 100_ea_0.4_300 | 0.594 (+/-0.107) | 0.669 (+/-0.057) | {'batch_size': 100, 'data': 'ea', 'dropout_p': 0.4, 'epochs': 300} |
| 200_ea_0.2_350 | 0.589 (+/-0.097) | 0.690 (+/-0.042) | {'batch_size': 200, 'data': 'ea', 'dropout_p': 0.2, 'epochs': 350} |
| 200_ea_0.6_200 | 0.589 (+/-0.081) | 0.630 (+/-0.029) | {'batch_size': 200, 'data': 'ea', 'dropout_p': 0.6, 'epochs': 200} |
| 150_ea_0.4_300 | 0.589 (+/-0.098) | 0.663 (+/-0.060) | {'batch_size': 150, 'data': 'ea', 'dropout_p': 0.4, 'epochs': 300} |
| 150_ea_0.6_300 | 0.588 (+/-0.059) | 0.674 (+/-0.054) | {'batch_size': 150, 'data': 'ea', 'dropout_p': 0.6, 'epochs': 300} |
| 200_ea_0.2_400 | 0.586 (+/-0.108) | 0.687 (+/-0.090) | {'batch_size': 200, 'data': 'ea', 'dropout_p': 0.2, 'epochs': 400} |
| 200_ea_0.6_250 | 0.585 (+/-0.104) | 0.622 (+/-0.045) | {'batch_size': 200, 'data': 'ea', 'dropout_p': 0.6, 'epochs': 250} |
| 200_ea_0.6_300 | 0.585 (+/-0.091) | 0.656 (+/-0.081) | {'batch_size': 200, 'data': 'ea', 'dropout_p': 0.6, 'epochs': 300} |
| 100_ea_0.6_200 | 0.584 (+/-0.066) | 0.695 (+/-0.099) | {'batch_size': 100, 'data': 'ea', 'dropout_p': 0.6, 'epochs': 200} |
| 200_ea_0.6_350 | 0.584 (+/-0.101) | 0.701 (+/-0.059) | {'batch_size': 200, 'data': 'ea', 'dropout_p': 0.6, 'epochs': 350} |
| 100_ea_0.6_350 | 0.583 (+/-0.101) | 0.702 (+/-0.099) | {'batch_size': 100, 'data': 'ea', 'dropout_p': 0.6, 'epochs': 350} |
| 150_ea_0.2_200 | 0.581 (+/-0.103) | 0.636 (+/-0.055) | {'batch_size': 150, 'data': 'ea', 'dropout_p': 0.2, 'epochs': 200} |
| 150_ea_0.6_350 | 0.581 (+/-0.096) | 0.633 (+/-0.085) | {'batch_size': 150, 'data': 'ea', 'dropout_p': 0.6, 'epochs': 350} |
| 200_ea_0.6_400 | 0.579 (+/-0.071) | 0.718 (+/-0.078) | {'batch_size': 200, 'data': 'ea', 'dropout_p': 0.6, 'epochs': 400} |
| 200_ea_0.2_300 | 0.578 (+/-0.090) | 0.632 (+/-0.045) | {'batch_size': 200, 'data': 'ea', 'dropout_p': 0.2, 'epochs': 300} |
| 150_ea_0.4_400 | 0.575 (+/-0.072) | 0.692 (+/-0.083) | {'batch_size': 150, 'data': 'ea', 'dropout_p': 0.4, 'epochs': 400} |
| 100_ea_0.2_400 | 0.573 (+/-0.068) | 0.693 (+/-0.083) | {'batch_size': 100, 'data': 'ea', 'dropout_p': 0.2, 'epochs': 400} |
| 200_ea_0.4_250 | 0.573 (+/-0.094) | 0.668 (+/-0.075) | {'batch_size': 200, 'data': 'ea', 'dropout_p': 0.4, 'epochs': 250} |
| 100_ea_0.4_350 | 0.571 (+/-0.052) | 0.664 (+/-0.051) | {'batch_size': 100, 'data': 'ea', 'dropout_p': 0.4, 'epochs': 350} |
| 150_ea_0.4_200 | 0.569 (+/-0.074) | 0.583 (+/-0.020) | {'batch_size': 150, 'data': 'ea', 'dropout_p': 0.4, 'epochs': 200} |
| 150_ea_0.2_350 | 0.568 (+/-0.062) | 0.715 (+/-0.058) | {'batch_size': 150, 'data': 'ea', 'dropout_p': 0.2, 'epochs': 350} |
| 100_ea_0.2_300 | 0.567 (+/-0.064) | 0.631 (+/-0.071) | {'batch_size': 100, 'data': 'ea', 'dropout_p': 0.2, 'epochs': 300} |
| 150_ea_0.2_150 | 0.566 (+/-0.083) | 0.653 (+/-0.053) | {'batch_size': 150, 'data': 'ea', 'dropout_p': 0.2, 'epochs': 150} |
| 200_ea_0.2_150 | 0.565 (+/-0.076) | 0.635 (+/-0.038) | {'batch_size': 200, 'data': 'ea', 'dropout_p': 0.2, 'epochs': 150} |
| 100_ea_0.2_250 | 0.560 (+/-0.041) | 0.709 (+/-0.091) | {'batch_size': 100, 'data': 'ea', 'dropout_p': 0.2, 'epochs': 250} |
| 100_ea_0.6_250 | 0.556 (+/-0.074) | 0.653 (+/-0.044) | {'batch_size': 100, 'data': 'ea', 'dropout_p': 0.6, 'epochs': 250} |
| 100_ea_0.4_200 | 0.555 (+/-0.065) | 0.672 (+/-0.044) | {'batch_size': 100, 'data': 'ea', 'dropout_p': 0.4, 'epochs': 200} |
| 100_ea_0.6_400 | 0.552 (+/-0.055) | 0.663 (+/-0.067) | {'batch_size': 100, 'data': 'ea', 'dropout_p': 0.6, 'epochs': 400} |
| 150_ea_0.6_200 | 0.552 (+/-0.080) | 0.557 (+/-0.070) | {'batch_size': 150, 'data': 'ea', 'dropout_p': 0.6, 'epochs': 200} |
| 200_ea_0.4_350 | 0.550 (+/-0.050) | 0.639 (+/-0.051) | {'batch_size': 200, 'data': 'ea', 'dropout_p': 0.4, 'epochs': 350} |
| 100_ea_0.6_150 | 0.550 (+/-0.052) | 0.655 (+/-0.066) | {'batch_size': 100, 'data': 'ea', 'dropout_p': 0.6, 'epochs': 150} |
| 150_ea_0.6_400 | 0.550 (+/-0.045) | 0.635 (+/-0.070) | {'batch_size': 150, 'data': 'ea', 'dropout_p': 0.6, 'epochs': 400} |
| 100_ea_0.2_150 | 0.549 (+/-0.065) | 0.593 (+/-0.032) | {'batch_size': 100, 'data': 'ea', 'dropout_p': 0.2, 'epochs': 150} |
| 150_ea_0.4_150 | 0.549 (+/-0.056) | 0.671 (+/-0.037) | {'batch_size': 150, 'data': 'ea', 'dropout_p': 0.4, 'epochs': 150} |
| 200_ea_0.4_200 | 0.547 (+/-0.065) | 0.616 (+/-0.050) | {'batch_size': 200, 'data': 'ea', 'dropout_p': 0.4, 'epochs': 200} |
| 200_ea_0.2_200 | 0.544 (+/-0.053) | 0.635 (+/-0.061) | {'batch_size': 200, 'data': 'ea', 'dropout_p': 0.2, 'epochs': 200} |
| 200_ea_0.4_300 | 0.542 (+/-0.054) | 0.642 (+/-0.071) | {'batch_size': 200, 'data': 'ea', 'dropout_p': 0.4, 'epochs': 300} |
| 100_ea_0.4_250 | 0.536 (+/-0.061) | 0.590 (+/-0.025) | {'batch_size': 100, 'data': 'ea', 'dropout_p': 0.4, 'epochs': 250} |
| 200_ea_0.4_400 | 0.534 (+/-0.067) | 0.580 (+/-0.037) | {'batch_size': 200, 'data': 'ea', 'dropout_p': 0.4, 'epochs': 400} |
| 150_ea_0.2_300 | 0.534 (+/-0.044) | 0.660 (+/-0.097) | {'batch_size': 150, 'data': 'ea', 'dropout_p': 0.2, 'epochs': 300} |
| 200_ea_0.4_150 | 0.531 (+/-0.041) | 0.615 (+/-0.083) | {'batch_size': 200, 'data': 'ea', 'dropout_p': 0.4, 'epochs': 150} |
| 200_ea_0.6_150 | 0.528 (+/-0.046) | 0.597 (+/-0.040) | {'batch_size': 200, 'data': 'ea', 'dropout_p': 0.6, 'epochs': 150} |
| 100_ea_0.4_150 | 0.525 (+/-0.038) | 0.655 (+/-0.047) | {'batch_size': 100, 'data': 'ea', 'dropout_p': 0.4, 'epochs': 150} |
| 150_ea_0.6_150 | 0.524 (+/-0.051) | 0.589 (+/-0.051) | {'batch_size': 150, 'data': 'ea', 'dropout_p': 0.6, 'epochs': 150} |
| 100_ea_0.2_350 | 0.519 (+/-0.030) | 0.590 (+/-0.050) | {'batch_size': 100, 'data': 'ea', 'dropout_p': 0.2, 'epochs': 350} |
