# orig_data & Leave1Out
## BrainNetv2 classify
| abbr.        | test_score       | train_score      | params                                            |
|--------------|------------------|------------------|---------------------------------------------------|
| 50_None_6_3  | 0.550 (+/-0.018) | 0.789 (+/-0.014) | {'d_ratio': 50, 'data': None, 'h': 6, 'head': 3}  |
| 10_None_4_15 | 0.527 (+/-0.044) | 0.798 (+/-0.042) | {'d_ratio': 10, 'data': None, 'h': 4, 'head': 15} |
| 10_None_4_3  | 0.525 (+/-0.021) | 0.818 (+/-0.027) | {'d_ratio': 10, 'data': None, 'h': 4, 'head': 3}  |
| 30_None_6_3  | 0.521 (+/-0.032) | 0.814 (+/-0.037) | {'d_ratio': 30, 'data': None, 'h': 6, 'head': 3}  |
| 15_None_8_10 | 0.519 (+/-0.018) | 0.772 (+/-0.015) | {'d_ratio': 15, 'data': None, 'h': 8, 'head': 10} |
| 30_None_8_5  | 0.519 (+/-0.022) | 0.779 (+/-0.047) | {'d_ratio': 30, 'data': None, 'h': 8, 'head': 5}  |
| 15_None_6_10 | 0.516 (+/-0.029) | 0.815 (+/-0.031) | {'d_ratio': 15, 'data': None, 'h': 6, 'head': 10} |
| 25_None_4_5  | 0.516 (+/-0.058) | 0.820 (+/-0.033) | {'d_ratio': 25, 'data': None, 'h': 4, 'head': 5}  |
| 15_None_4_3  | 0.515 (+/-0.045) | 0.779 (+/-0.040) | {'d_ratio': 15, 'data': None, 'h': 4, 'head': 3}  |
| 50_None_8_3  | 0.515 (+/-0.012) | 0.833 (+/-0.041) | {'d_ratio': 50, 'data': None, 'h': 8, 'head': 3}  |
| 25_None_4_15 | 0.515 (+/-0.022) | 0.791 (+/-0.017) | {'d_ratio': 25, 'data': None, 'h': 4, 'head': 15} |
| 50_None_8_5  | 0.514 (+/-0.036) | 0.830 (+/-0.044) | {'d_ratio': 50, 'data': None, 'h': 8, 'head': 5}  |
| 50_None_6_10 | 0.512 (+/-0.046) | 0.800 (+/-0.026) | {'d_ratio': 50, 'data': None, 'h': 6, 'head': 10} |
| 10_None_6_3  | 0.511 (+/-0.011) | 0.804 (+/-0.046) | {'d_ratio': 10, 'data': None, 'h': 6, 'head': 3}  |
| 25_None_6_10 | 0.511 (+/-0.019) | 0.823 (+/-0.021) | {'d_ratio': 25, 'data': None, 'h': 6, 'head': 10} |
| 15_None_8_2  | 0.511 (+/-0.025) | 0.769 (+/-0.009) | {'d_ratio': 15, 'data': None, 'h': 8, 'head': 2}  |
| 15_None_4_2  | 0.510 (+/-0.047) | 0.812 (+/-0.011) | {'d_ratio': 15, 'data': None, 'h': 4, 'head': 2}  |
| 30_None_6_15 | 0.510 (+/-0.021) | 0.761 (+/-0.016) | {'d_ratio': 30, 'data': None, 'h': 6, 'head': 15} |
| 10_None_6_15 | 0.509 (+/-0.051) | 0.775 (+/-0.015) | {'d_ratio': 10, 'data': None, 'h': 6, 'head': 15} |
| 25_None_4_3  | 0.509 (+/-0.028) | 0.809 (+/-0.005) | {'d_ratio': 25, 'data': None, 'h': 4, 'head': 3}  |
| 15_None_4_15 | 0.508 (+/-0.018) | 0.788 (+/-0.047) | {'d_ratio': 15, 'data': None, 'h': 4, 'head': 15} |
| 10_None_6_5  | 0.506 (+/-0.050) | 0.801 (+/-0.034) | {'d_ratio': 10, 'data': None, 'h': 6, 'head': 5}  |
| 15_None_4_10 | 0.506 (+/-0.023) | 0.787 (+/-0.026) | {'d_ratio': 15, 'data': None, 'h': 4, 'head': 10} |
| 50_None_4_2  | 0.505 (+/-0.013) | 0.816 (+/-0.028) | {'d_ratio': 50, 'data': None, 'h': 4, 'head': 2}  |
| 10_None_8_2  | 0.505 (+/-0.017) | 0.792 (+/-0.010) | {'d_ratio': 10, 'data': None, 'h': 8, 'head': 2}  |
| 15_None_4_5  | 0.504 (+/-0.012) | 0.797 (+/-0.024) | {'d_ratio': 15, 'data': None, 'h': 4, 'head': 5}  |
| 10_None_8_5  | 0.502 (+/-0.008) | 0.792 (+/-0.032) | {'d_ratio': 10, 'data': None, 'h': 8, 'head': 5}  |
| 50_None_6_15 | 0.501 (+/-0.030) | 0.805 (+/-0.028) | {'d_ratio': 50, 'data': None, 'h': 6, 'head': 15} |
| 15_None_6_5  | 0.500 (+/-0.018) | 0.813 (+/-0.025) | {'d_ratio': 15, 'data': None, 'h': 6, 'head': 5}  |
| 15_None_6_15 | 0.499 (+/-0.042) | 0.798 (+/-0.036) | {'d_ratio': 15, 'data': None, 'h': 6, 'head': 15} |
| 25_None_8_2  | 0.499 (+/-0.023) | 0.791 (+/-0.040) | {'d_ratio': 25, 'data': None, 'h': 8, 'head': 2}  |
| 25_None_6_5  | 0.499 (+/-0.055) | 0.783 (+/-0.043) | {'d_ratio': 25, 'data': None, 'h': 6, 'head': 5}  |
| 30_None_8_15 | 0.497 (+/-0.028) | 0.805 (+/-0.037) | {'d_ratio': 30, 'data': None, 'h': 8, 'head': 15} |
| 50_None_8_15 | 0.497 (+/-0.017) | 0.788 (+/-0.020) | {'d_ratio': 50, 'data': None, 'h': 8, 'head': 15} |
| 15_None_8_15 | 0.497 (+/-0.006) | 0.829 (+/-0.028) | {'d_ratio': 15, 'data': None, 'h': 8, 'head': 15} |
| 30_None_4_5  | 0.496 (+/-0.004) | 0.775 (+/-0.021) | {'d_ratio': 30, 'data': None, 'h': 4, 'head': 5}  |
| 50_None_8_2  | 0.496 (+/-0.052) | 0.835 (+/-0.035) | {'d_ratio': 50, 'data': None, 'h': 8, 'head': 2}  |
| 10_None_4_5  | 0.495 (+/-0.029) | 0.749 (+/-0.018) | {'d_ratio': 10, 'data': None, 'h': 4, 'head': 5}  |
| 30_None_4_10 | 0.495 (+/-0.030) | 0.814 (+/-0.008) | {'d_ratio': 30, 'data': None, 'h': 4, 'head': 10} |
| 10_None_4_2  | 0.494 (+/-0.028) | 0.801 (+/-0.017) | {'d_ratio': 10, 'data': None, 'h': 4, 'head': 2}  |
| 30_None_8_2  | 0.494 (+/-0.019) | 0.790 (+/-0.020) | {'d_ratio': 30, 'data': None, 'h': 8, 'head': 2}  |
| 50_None_4_3  | 0.494 (+/-0.016) | 0.822 (+/-0.042) | {'d_ratio': 50, 'data': None, 'h': 4, 'head': 3}  |
| 30_None_8_3  | 0.493 (+/-0.038) | 0.820 (+/-0.018) | {'d_ratio': 30, 'data': None, 'h': 8, 'head': 3}  |
| 50_None_4_5  | 0.492 (+/-0.015) | 0.811 (+/-0.020) | {'d_ratio': 50, 'data': None, 'h': 4, 'head': 5}  |
| 30_None_4_2  | 0.492 (+/-0.043) | 0.797 (+/-0.028) | {'d_ratio': 30, 'data': None, 'h': 4, 'head': 2}  |
| 50_None_8_10 | 0.491 (+/-0.027) | 0.796 (+/-0.034) | {'d_ratio': 50, 'data': None, 'h': 8, 'head': 10} |
| 25_None_6_3  | 0.491 (+/-0.023) | 0.813 (+/-0.048) | {'d_ratio': 25, 'data': None, 'h': 6, 'head': 3}  |
| 10_None_6_10 | 0.491 (+/-0.027) | 0.799 (+/-0.035) | {'d_ratio': 10, 'data': None, 'h': 6, 'head': 10} |
| 25_None_8_3  | 0.490 (+/-0.032) | 0.820 (+/-0.017) | {'d_ratio': 25, 'data': None, 'h': 8, 'head': 3}  |
| 15_None_8_5  | 0.490 (+/-0.036) | 0.764 (+/-0.028) | {'d_ratio': 15, 'data': None, 'h': 8, 'head': 5}  |
| 50_None_4_10 | 0.490 (+/-0.029) | 0.800 (+/-0.026) | {'d_ratio': 50, 'data': None, 'h': 4, 'head': 10} |
| 30_None_6_5  | 0.490 (+/-0.022) | 0.768 (+/-0.030) | {'d_ratio': 30, 'data': None, 'h': 6, 'head': 5}  |
| 25_None_4_10 | 0.490 (+/-0.012) | 0.779 (+/-0.042) | {'d_ratio': 25, 'data': None, 'h': 4, 'head': 10} |
| 15_None_6_2  | 0.490 (+/-0.034) | 0.792 (+/-0.019) | {'d_ratio': 15, 'data': None, 'h': 6, 'head': 2}  |
| 30_None_6_2  | 0.489 (+/-0.046) | 0.800 (+/-0.042) | {'d_ratio': 30, 'data': None, 'h': 6, 'head': 2}  |
| 25_None_6_2  | 0.489 (+/-0.033) | 0.815 (+/-0.043) | {'d_ratio': 25, 'data': None, 'h': 6, 'head': 2}  |
| 25_None_8_5  | 0.487 (+/-0.016) | 0.821 (+/-0.046) | {'d_ratio': 25, 'data': None, 'h': 8, 'head': 5}  |
| 30_None_4_3  | 0.486 (+/-0.027) | 0.790 (+/-0.027) | {'d_ratio': 30, 'data': None, 'h': 4, 'head': 3}  |
| 15_None_6_3  | 0.485 (+/-0.036) | 0.774 (+/-0.045) | {'d_ratio': 15, 'data': None, 'h': 6, 'head': 3}  |
| 10_None_8_15 | 0.485 (+/-0.011) | 0.766 (+/-0.032) | {'d_ratio': 10, 'data': None, 'h': 8, 'head': 15} |
| 50_None_6_2  | 0.485 (+/-0.008) | 0.810 (+/-0.040) | {'d_ratio': 50, 'data': None, 'h': 6, 'head': 2}  |
| 25_None_8_10 | 0.481 (+/-0.036) | 0.818 (+/-0.059) | {'d_ratio': 25, 'data': None, 'h': 8, 'head': 10} |
| 50_None_6_5  | 0.480 (+/-0.041) | 0.815 (+/-0.043) | {'d_ratio': 50, 'data': None, 'h': 6, 'head': 5}  |
| 25_None_6_15 | 0.480 (+/-0.020) | 0.790 (+/-0.019) | {'d_ratio': 25, 'data': None, 'h': 6, 'head': 15} |
| 25_None_4_2  | 0.479 (+/-0.022) | 0.801 (+/-0.022) | {'d_ratio': 25, 'data': None, 'h': 4, 'head': 2}  |
| 30_None_8_10 | 0.478 (+/-0.033) | 0.821 (+/-0.031) | {'d_ratio': 30, 'data': None, 'h': 8, 'head': 10} |
| 50_None_4_15 | 0.475 (+/-0.033) | 0.755 (+/-0.035) | {'d_ratio': 50, 'data': None, 'h': 4, 'head': 15} |
| 25_None_8_15 | 0.475 (+/-0.018) | 0.853 (+/-0.013) | {'d_ratio': 25, 'data': None, 'h': 8, 'head': 15} |
| 10_None_4_10 | 0.475 (+/-0.024) | 0.780 (+/-0.038) | {'d_ratio': 10, 'data': None, 'h': 4, 'head': 10} |
| 10_None_8_10 | 0.474 (+/-0.024) | 0.750 (+/-0.033) | {'d_ratio': 10, 'data': None, 'h': 8, 'head': 10} |
| 15_None_8_3  | 0.474 (+/-0.021) | 0.784 (+/-0.034) | {'d_ratio': 15, 'data': None, 'h': 8, 'head': 3}  |
| 10_None_8_3  | 0.474 (+/-0.027) | 0.800 (+/-0.028) | {'d_ratio': 10, 'data': None, 'h': 8, 'head': 3}  |
| 10_None_6_2  | 0.466 (+/-0.031) | 0.786 (+/-0.044) | {'d_ratio': 10, 'data': None, 'h': 6, 'head': 2}  |
| 30_None_6_10 | 0.464 (+/-0.022) | 0.780 (+/-0.021) | {'d_ratio': 30, 'data': None, 'h': 6, 'head': 10} |
| 30_None_4_15 | 0.458 (+/-0.025) | 0.829 (+/-0.031) | {'d_ratio': 30, 'data': None, 'h': 4, 'head': 15} |
