# orig_data & Leave1Out
## BrainNetv2 classify
| abbr.               | test_score       | train_score      | params                                                                             |
|---------------------|------------------|------------------|------------------------------------------------------------------------------------|
| 100_10_None_25_6_15 | 0.531 (+/-0.035) | 0.935 (+/-0.042) | {'batch_size': 100, 'd_ratio': 10, 'data': None, 'epochs': 25, 'h': 6, 'head': 15} |
| 100_15_None_50_6_5  | 0.531 (+/-0.043) | 0.999 (+/-0.001) | {'batch_size': 100, 'd_ratio': 15, 'data': None, 'epochs': 50, 'h': 6, 'head': 5}  |
| 100_15_None_50_4_15 | 0.530 (+/-0.022) | 1.000 (+/-0.001) | {'batch_size': 100, 'd_ratio': 15, 'data': None, 'epochs': 50, 'h': 4, 'head': 15} |
| 100_15_None_25_6_3  | 0.529 (+/-0.041) | 0.923 (+/-0.039) | {'batch_size': 100, 'd_ratio': 15, 'data': None, 'epochs': 25, 'h': 6, 'head': 3}  |
| 100_25_None_50_4_3  | 0.528 (+/-0.030) | 0.996 (+/-0.007) | {'batch_size': 100, 'd_ratio': 25, 'data': None, 'epochs': 50, 'h': 4, 'head': 3}  |
| 100_15_None_25_4_10 | 0.527 (+/-0.030) | 0.890 (+/-0.060) | {'batch_size': 100, 'd_ratio': 15, 'data': None, 'epochs': 25, 'h': 4, 'head': 10} |
| 100_15_None_25_8_15 | 0.525 (+/-0.022) | 0.906 (+/-0.030) | {'batch_size': 100, 'd_ratio': 15, 'data': None, 'epochs': 25, 'h': 8, 'head': 15} |
| 100_10_None_50_6_5  | 0.523 (+/-0.015) | 0.998 (+/-0.003) | {'batch_size': 100, 'd_ratio': 10, 'data': None, 'epochs': 50, 'h': 6, 'head': 5}  |
| 100_25_None_50_8_3  | 0.521 (+/-0.027) | 1.000 (+/-0.000) | {'batch_size': 100, 'd_ratio': 25, 'data': None, 'epochs': 50, 'h': 8, 'head': 3}  |
| 100_25_None_25_8_5  | 0.521 (+/-0.011) | 0.930 (+/-0.012) | {'batch_size': 100, 'd_ratio': 25, 'data': None, 'epochs': 25, 'h': 8, 'head': 5}  |
| 100_10_None_25_4_5  | 0.520 (+/-0.028) | 0.908 (+/-0.024) | {'batch_size': 100, 'd_ratio': 10, 'data': None, 'epochs': 25, 'h': 4, 'head': 5}  |
| 100_15_None_50_6_10 | 0.519 (+/-0.021) | 1.000 (+/-0.000) | {'batch_size': 100, 'd_ratio': 15, 'data': None, 'epochs': 50, 'h': 6, 'head': 10} |
| 100_25_None_25_8_3  | 0.516 (+/-0.036) | 0.927 (+/-0.061) | {'batch_size': 100, 'd_ratio': 25, 'data': None, 'epochs': 25, 'h': 8, 'head': 3}  |
| 100_15_None_25_4_15 | 0.515 (+/-0.018) | 0.949 (+/-0.027) | {'batch_size': 100, 'd_ratio': 15, 'data': None, 'epochs': 25, 'h': 4, 'head': 15} |
| 100_25_None_50_8_10 | 0.514 (+/-0.012) | 1.000 (+/-0.000) | {'batch_size': 100, 'd_ratio': 25, 'data': None, 'epochs': 50, 'h': 8, 'head': 10} |
| 100_25_None_50_6_15 | 0.512 (+/-0.030) | 0.997 (+/-0.006) | {'batch_size': 100, 'd_ratio': 25, 'data': None, 'epochs': 50, 'h': 6, 'head': 15} |
| 100_10_None_50_8_5  | 0.511 (+/-0.037) | 1.000 (+/-0.000) | {'batch_size': 100, 'd_ratio': 10, 'data': None, 'epochs': 50, 'h': 8, 'head': 5}  |
| 100_25_None_25_4_3  | 0.511 (+/-0.022) | 0.930 (+/-0.023) | {'batch_size': 100, 'd_ratio': 25, 'data': None, 'epochs': 25, 'h': 4, 'head': 3}  |
| 100_25_None_25_6_15 | 0.510 (+/-0.024) | 0.894 (+/-0.035) | {'batch_size': 100, 'd_ratio': 25, 'data': None, 'epochs': 25, 'h': 6, 'head': 15} |
| 100_25_None_25_4_2  | 0.510 (+/-0.053) | 0.883 (+/-0.057) | {'batch_size': 100, 'd_ratio': 25, 'data': None, 'epochs': 25, 'h': 4, 'head': 2}  |
| 100_10_None_50_6_15 | 0.510 (+/-0.022) | 0.992 (+/-0.007) | {'batch_size': 100, 'd_ratio': 10, 'data': None, 'epochs': 50, 'h': 6, 'head': 15} |
| 100_10_None_50_4_2  | 0.509 (+/-0.035) | 1.000 (+/-0.000) | {'batch_size': 100, 'd_ratio': 10, 'data': None, 'epochs': 50, 'h': 4, 'head': 2}  |
| 100_10_None_25_6_5  | 0.509 (+/-0.040) | 0.913 (+/-0.055) | {'batch_size': 100, 'd_ratio': 10, 'data': None, 'epochs': 25, 'h': 6, 'head': 5}  |
| 100_25_None_25_4_15 | 0.509 (+/-0.029) | 0.893 (+/-0.027) | {'batch_size': 100, 'd_ratio': 25, 'data': None, 'epochs': 25, 'h': 4, 'head': 15} |
| 100_25_None_50_4_5  | 0.508 (+/-0.019) | 0.996 (+/-0.006) | {'batch_size': 100, 'd_ratio': 25, 'data': None, 'epochs': 50, 'h': 4, 'head': 5}  |
| 100_15_None_50_8_5  | 0.508 (+/-0.019) | 0.999 (+/-0.002) | {'batch_size': 100, 'd_ratio': 15, 'data': None, 'epochs': 50, 'h': 8, 'head': 5}  |
| 100_10_None_25_4_10 | 0.506 (+/-0.027) | 0.888 (+/-0.052) | {'batch_size': 100, 'd_ratio': 10, 'data': None, 'epochs': 25, 'h': 4, 'head': 10} |
| 100_10_None_50_6_3  | 0.506 (+/-0.028) | 0.999 (+/-0.002) | {'batch_size': 100, 'd_ratio': 10, 'data': None, 'epochs': 50, 'h': 6, 'head': 3}  |
| 100_10_None_50_6_2  | 0.506 (+/-0.018) | 0.999 (+/-0.001) | {'batch_size': 100, 'd_ratio': 10, 'data': None, 'epochs': 50, 'h': 6, 'head': 2}  |
| 100_10_None_25_8_3  | 0.506 (+/-0.021) | 0.917 (+/-0.045) | {'batch_size': 100, 'd_ratio': 10, 'data': None, 'epochs': 25, 'h': 8, 'head': 3}  |
| 100_15_None_50_8_10 | 0.505 (+/-0.014) | 1.000 (+/-0.001) | {'batch_size': 100, 'd_ratio': 15, 'data': None, 'epochs': 50, 'h': 8, 'head': 10} |
| 100_15_None_50_6_2  | 0.505 (+/-0.023) | 0.998 (+/-0.003) | {'batch_size': 100, 'd_ratio': 15, 'data': None, 'epochs': 50, 'h': 6, 'head': 2}  |
| 100_25_None_50_4_15 | 0.504 (+/-0.019) | 0.997 (+/-0.005) | {'batch_size': 100, 'd_ratio': 25, 'data': None, 'epochs': 50, 'h': 4, 'head': 15} |
| 100_15_None_25_4_3  | 0.504 (+/-0.033) | 0.902 (+/-0.041) | {'batch_size': 100, 'd_ratio': 15, 'data': None, 'epochs': 25, 'h': 4, 'head': 3}  |
| 100_25_None_50_6_5  | 0.504 (+/-0.011) | 0.995 (+/-0.007) | {'batch_size': 100, 'd_ratio': 25, 'data': None, 'epochs': 50, 'h': 6, 'head': 5}  |
| 100_10_None_50_8_10 | 0.504 (+/-0.033) | 0.998 (+/-0.004) | {'batch_size': 100, 'd_ratio': 10, 'data': None, 'epochs': 50, 'h': 8, 'head': 10} |
| 100_15_None_50_4_3  | 0.504 (+/-0.033) | 0.996 (+/-0.006) | {'batch_size': 100, 'd_ratio': 15, 'data': None, 'epochs': 50, 'h': 4, 'head': 3}  |
| 100_15_None_25_8_10 | 0.504 (+/-0.033) | 0.860 (+/-0.050) | {'batch_size': 100, 'd_ratio': 15, 'data': None, 'epochs': 25, 'h': 8, 'head': 10} |
| 100_15_None_50_8_15 | 0.503 (+/-0.035) | 0.998 (+/-0.003) | {'batch_size': 100, 'd_ratio': 15, 'data': None, 'epochs': 50, 'h': 8, 'head': 15} |
| 100_25_None_50_8_15 | 0.502 (+/-0.020) | 1.000 (+/-0.000) | {'batch_size': 100, 'd_ratio': 25, 'data': None, 'epochs': 50, 'h': 8, 'head': 15} |
| 100_15_None_25_6_10 | 0.502 (+/-0.022) | 0.889 (+/-0.022) | {'batch_size': 100, 'd_ratio': 15, 'data': None, 'epochs': 25, 'h': 6, 'head': 10} |
| 100_15_None_50_8_3  | 0.502 (+/-0.023) | 0.999 (+/-0.002) | {'batch_size': 100, 'd_ratio': 15, 'data': None, 'epochs': 50, 'h': 8, 'head': 3}  |
| 100_10_None_25_8_2  | 0.502 (+/-0.016) | 0.888 (+/-0.043) | {'batch_size': 100, 'd_ratio': 10, 'data': None, 'epochs': 25, 'h': 8, 'head': 2}  |
| 100_25_None_25_6_10 | 0.501 (+/-0.029) | 0.905 (+/-0.051) | {'batch_size': 100, 'd_ratio': 25, 'data': None, 'epochs': 25, 'h': 6, 'head': 10} |
| 100_15_None_50_8_2  | 0.501 (+/-0.018) | 1.000 (+/-0.000) | {'batch_size': 100, 'd_ratio': 15, 'data': None, 'epochs': 50, 'h': 8, 'head': 2}  |
| 100_10_None_50_4_10 | 0.501 (+/-0.027) | 0.999 (+/-0.001) | {'batch_size': 100, 'd_ratio': 10, 'data': None, 'epochs': 50, 'h': 4, 'head': 10} |
| 100_10_None_50_4_15 | 0.499 (+/-0.014) | 1.000 (+/-0.000) | {'batch_size': 100, 'd_ratio': 10, 'data': None, 'epochs': 50, 'h': 4, 'head': 15} |
| 100_15_None_50_4_2  | 0.499 (+/-0.047) | 0.999 (+/-0.001) | {'batch_size': 100, 'd_ratio': 15, 'data': None, 'epochs': 50, 'h': 4, 'head': 2}  |
| 100_15_None_25_6_5  | 0.499 (+/-0.033) | 0.922 (+/-0.037) | {'batch_size': 100, 'd_ratio': 15, 'data': None, 'epochs': 25, 'h': 6, 'head': 5}  |
| 100_10_None_25_8_10 | 0.499 (+/-0.027) | 0.897 (+/-0.057) | {'batch_size': 100, 'd_ratio': 10, 'data': None, 'epochs': 25, 'h': 8, 'head': 10} |
| 100_15_None_25_8_5  | 0.498 (+/-0.036) | 0.917 (+/-0.042) | {'batch_size': 100, 'd_ratio': 15, 'data': None, 'epochs': 25, 'h': 8, 'head': 5}  |
| 100_25_None_50_4_2  | 0.498 (+/-0.013) | 0.999 (+/-0.002) | {'batch_size': 100, 'd_ratio': 25, 'data': None, 'epochs': 50, 'h': 4, 'head': 2}  |
| 100_10_None_25_4_15 | 0.497 (+/-0.038) | 0.898 (+/-0.034) | {'batch_size': 100, 'd_ratio': 10, 'data': None, 'epochs': 25, 'h': 4, 'head': 15} |
| 100_25_None_25_6_5  | 0.496 (+/-0.029) | 0.879 (+/-0.075) | {'batch_size': 100, 'd_ratio': 25, 'data': None, 'epochs': 25, 'h': 6, 'head': 5}  |
| 100_10_None_50_6_10 | 0.496 (+/-0.041) | 0.999 (+/-0.001) | {'batch_size': 100, 'd_ratio': 10, 'data': None, 'epochs': 50, 'h': 6, 'head': 10} |
| 100_15_None_50_4_5  | 0.496 (+/-0.025) | 0.998 (+/-0.004) | {'batch_size': 100, 'd_ratio': 15, 'data': None, 'epochs': 50, 'h': 4, 'head': 5}  |
| 100_25_None_50_6_2  | 0.496 (+/-0.034) | 1.000 (+/-0.000) | {'batch_size': 100, 'd_ratio': 25, 'data': None, 'epochs': 50, 'h': 6, 'head': 2}  |
| 100_25_None_50_8_5  | 0.496 (+/-0.002) | 1.000 (+/-0.001) | {'batch_size': 100, 'd_ratio': 25, 'data': None, 'epochs': 50, 'h': 8, 'head': 5}  |
| 100_10_None_50_4_5  | 0.495 (+/-0.022) | 0.998 (+/-0.004) | {'batch_size': 100, 'd_ratio': 10, 'data': None, 'epochs': 50, 'h': 4, 'head': 5}  |
| 100_25_None_50_4_10 | 0.495 (+/-0.011) | 0.991 (+/-0.015) | {'batch_size': 100, 'd_ratio': 25, 'data': None, 'epochs': 50, 'h': 4, 'head': 10} |
| 100_25_None_50_6_10 | 0.495 (+/-0.014) | 1.000 (+/-0.000) | {'batch_size': 100, 'd_ratio': 25, 'data': None, 'epochs': 50, 'h': 6, 'head': 10} |
| 100_10_None_50_8_15 | 0.494 (+/-0.017) | 0.995 (+/-0.007) | {'batch_size': 100, 'd_ratio': 10, 'data': None, 'epochs': 50, 'h': 8, 'head': 15} |
| 100_10_None_25_4_2  | 0.494 (+/-0.022) | 0.904 (+/-0.036) | {'batch_size': 100, 'd_ratio': 10, 'data': None, 'epochs': 25, 'h': 4, 'head': 2}  |
| 100_15_None_25_4_5  | 0.494 (+/-0.019) | 0.875 (+/-0.050) | {'batch_size': 100, 'd_ratio': 15, 'data': None, 'epochs': 25, 'h': 4, 'head': 5}  |
| 100_25_None_25_4_5  | 0.493 (+/-0.031) | 0.886 (+/-0.046) | {'batch_size': 100, 'd_ratio': 25, 'data': None, 'epochs': 25, 'h': 4, 'head': 5}  |
| 100_25_None_50_8_2  | 0.492 (+/-0.030) | 0.999 (+/-0.001) | {'batch_size': 100, 'd_ratio': 25, 'data': None, 'epochs': 50, 'h': 8, 'head': 2}  |
| 100_25_None_25_6_3  | 0.492 (+/-0.013) | 0.888 (+/-0.018) | {'batch_size': 100, 'd_ratio': 25, 'data': None, 'epochs': 25, 'h': 6, 'head': 3}  |
| 100_10_None_25_6_2  | 0.492 (+/-0.054) | 0.918 (+/-0.029) | {'batch_size': 100, 'd_ratio': 10, 'data': None, 'epochs': 25, 'h': 6, 'head': 2}  |
| 100_25_None_25_8_15 | 0.491 (+/-0.021) | 0.923 (+/-0.044) | {'batch_size': 100, 'd_ratio': 25, 'data': None, 'epochs': 25, 'h': 8, 'head': 15} |
| 100_10_None_50_8_3  | 0.490 (+/-0.041) | 1.000 (+/-0.001) | {'batch_size': 100, 'd_ratio': 10, 'data': None, 'epochs': 50, 'h': 8, 'head': 3}  |
| 100_15_None_50_4_10 | 0.490 (+/-0.006) | 1.000 (+/-0.001) | {'batch_size': 100, 'd_ratio': 15, 'data': None, 'epochs': 50, 'h': 4, 'head': 10} |
| 100_10_None_25_6_10 | 0.490 (+/-0.031) | 0.901 (+/-0.051) | {'batch_size': 100, 'd_ratio': 10, 'data': None, 'epochs': 25, 'h': 6, 'head': 10} |
| 100_10_None_25_8_5  | 0.490 (+/-0.021) | 0.885 (+/-0.026) | {'batch_size': 100, 'd_ratio': 10, 'data': None, 'epochs': 25, 'h': 8, 'head': 5}  |
| 100_15_None_25_8_2  | 0.489 (+/-0.008) | 0.864 (+/-0.057) | {'batch_size': 100, 'd_ratio': 15, 'data': None, 'epochs': 25, 'h': 8, 'head': 2}  |
| 100_15_None_25_6_15 | 0.489 (+/-0.025) | 0.928 (+/-0.025) | {'batch_size': 100, 'd_ratio': 15, 'data': None, 'epochs': 25, 'h': 6, 'head': 15} |
| 100_25_None_25_4_10 | 0.489 (+/-0.024) | 0.869 (+/-0.017) | {'batch_size': 100, 'd_ratio': 25, 'data': None, 'epochs': 25, 'h': 4, 'head': 10} |
| 100_15_None_50_6_3  | 0.488 (+/-0.035) | 0.998 (+/-0.001) | {'batch_size': 100, 'd_ratio': 15, 'data': None, 'epochs': 50, 'h': 6, 'head': 3}  |
| 100_15_None_25_6_2  | 0.485 (+/-0.011) | 0.940 (+/-0.036) | {'batch_size': 100, 'd_ratio': 15, 'data': None, 'epochs': 25, 'h': 6, 'head': 2}  |
| 100_25_None_25_8_10 | 0.484 (+/-0.025) | 0.880 (+/-0.023) | {'batch_size': 100, 'd_ratio': 25, 'data': None, 'epochs': 25, 'h': 8, 'head': 10} |
| 100_10_None_25_4_3  | 0.483 (+/-0.008) | 0.915 (+/-0.041) | {'batch_size': 100, 'd_ratio': 10, 'data': None, 'epochs': 25, 'h': 4, 'head': 3}  |
| 100_10_None_25_6_3  | 0.482 (+/-0.023) | 0.881 (+/-0.042) | {'batch_size': 100, 'd_ratio': 10, 'data': None, 'epochs': 25, 'h': 6, 'head': 3}  |
| 100_15_None_25_8_3  | 0.481 (+/-0.026) | 0.886 (+/-0.062) | {'batch_size': 100, 'd_ratio': 15, 'data': None, 'epochs': 25, 'h': 8, 'head': 3}  |
| 100_15_None_25_4_2  | 0.480 (+/-0.024) | 0.912 (+/-0.065) | {'batch_size': 100, 'd_ratio': 15, 'data': None, 'epochs': 25, 'h': 4, 'head': 2}  |
| 100_10_None_50_8_2  | 0.479 (+/-0.032) | 0.997 (+/-0.005) | {'batch_size': 100, 'd_ratio': 10, 'data': None, 'epochs': 50, 'h': 8, 'head': 2}  |
| 100_10_None_25_8_15 | 0.476 (+/-0.026) | 0.912 (+/-0.013) | {'batch_size': 100, 'd_ratio': 10, 'data': None, 'epochs': 25, 'h': 8, 'head': 15} |
| 100_10_None_50_4_3  | 0.475 (+/-0.052) | 1.000 (+/-0.000) | {'batch_size': 100, 'd_ratio': 10, 'data': None, 'epochs': 50, 'h': 4, 'head': 3}  |
| 100_25_None_50_6_3  | 0.475 (+/-0.041) | 1.000 (+/-0.000) | {'batch_size': 100, 'd_ratio': 25, 'data': None, 'epochs': 50, 'h': 6, 'head': 3}  |
| 100_25_None_25_6_2  | 0.474 (+/-0.019) | 0.922 (+/-0.023) | {'batch_size': 100, 'd_ratio': 25, 'data': None, 'epochs': 25, 'h': 6, 'head': 2}  |
| 100_25_None_25_8_2  | 0.461 (+/-0.019) | 0.933 (+/-0.041) | {'batch_size': 100, 'd_ratio': 25, 'data': None, 'epochs': 25, 'h': 8, 'head': 2}  |
| 100_15_None_50_6_15 | 0.443 (+/-0.029) | 1.000 (+/-0.001) | {'batch_size': 100, 'd_ratio': 15, 'data': None, 'epochs': 50, 'h': 6, 'head': 15} |
