# orig_data & Leave1Out
## FBCSP + classifier train
| abbr.                                                                            | test_score       | train_score      | params                                                                                                                                                                    |
|----------------------------------------------------------------------------------|------------------|------------------|---------------------------------------------------------------------------------------------------------------------------------------------------------------------------|
| [8, 12, 16]_all_riemann_8_RandomForestClassifier(max_depth=5, n_estimators=10)   | 0.657 (+/-0.116) | 0.822 (+/-0.012) | {'FBCSP__band': [8, 12, 16], 'FBCSP__k': 'all', 'FBCSP__metric': 'riemann', 'FBCSP__n_components': 8, 'classify': RandomForestClassifier(max_depth=5, n_estimators=10)}   |
| [8, 12, 16]_8_logeuclid_6_RandomForestClassifier(max_depth=5, n_estimators=10)   | 0.653 (+/-0.111) | 0.820 (+/-0.011) | {'FBCSP__band': [8, 12, 16], 'FBCSP__k': 8, 'FBCSP__metric': 'logeuclid', 'FBCSP__n_components': 6, 'classify': RandomForestClassifier(max_depth=5, n_estimators=10)}     |
| [8, 12, 16]_all_euclid_8_RandomForestClassifier(max_depth=5, n_estimators=10)    | 0.652 (+/-0.086) | 0.813 (+/-0.013) | {'FBCSP__band': [8, 12, 16], 'FBCSP__k': 'all', 'FBCSP__metric': 'euclid', 'FBCSP__n_components': 8, 'classify': RandomForestClassifier(max_depth=5, n_estimators=10)}    |
| [8, 12, 16]_all_euclid_2_RandomForestClassifier(max_depth=5, n_estimators=10)    | 0.652 (+/-0.123) | 0.814 (+/-0.015) | {'FBCSP__band': [8, 12, 16], 'FBCSP__k': 'all', 'FBCSP__metric': 'euclid', 'FBCSP__n_components': 2, 'classify': RandomForestClassifier(max_depth=5, n_estimators=10)}    |
| [8, 12, 16]_all_logeuclid_8_RandomForestClassifier(max_depth=5, n_estimators=10) | 0.652 (+/-0.117) | 0.807 (+/-0.025) | {'FBCSP__band': [8, 12, 16], 'FBCSP__k': 'all', 'FBCSP__metric': 'logeuclid', 'FBCSP__n_components': 8, 'classify': RandomForestClassifier(max_depth=5, n_estimators=10)} |
| [8, 12, 16]_all_logeuclid_6_RandomForestClassifier(max_depth=5, n_estimators=10) | 0.651 (+/-0.103) | 0.809 (+/-0.025) | {'FBCSP__band': [8, 12, 16], 'FBCSP__k': 'all', 'FBCSP__metric': 'logeuclid', 'FBCSP__n_components': 6, 'classify': RandomForestClassifier(max_depth=5, n_estimators=10)} |
| [8, 12, 16]_8_logeuclid_2_SVC(C=0.5)                                             | 0.650 (+/-0.131) | 0.740 (+/-0.014) | {'FBCSP__band': [8, 12, 16], 'FBCSP__k': 8, 'FBCSP__metric': 'logeuclid', 'FBCSP__n_components': 2, 'classify': SVC(C=0.5)}                                               |
| [8, 12, 16]_8_logeuclid_4_SVC(C=0.5)                                             | 0.650 (+/-0.131) | 0.740 (+/-0.014) | {'FBCSP__band': [8, 12, 16], 'FBCSP__k': 8, 'FBCSP__metric': 'logeuclid', 'FBCSP__n_components': 4, 'classify': SVC(C=0.5)}                                               |
| [8, 12, 16]_8_euclid_6_SVC(C=0.5)                                                | 0.650 (+/-0.131) | 0.740 (+/-0.014) | {'FBCSP__band': [8, 12, 16], 'FBCSP__k': 8, 'FBCSP__metric': 'euclid', 'FBCSP__n_components': 6, 'classify': SVC(C=0.5)}                                                  |
| [8, 12, 16]_8_euclid_4_SVC(C=0.5)                                                | 0.650 (+/-0.131) | 0.740 (+/-0.014) | {'FBCSP__band': [8, 12, 16], 'FBCSP__k': 8, 'FBCSP__metric': 'euclid', 'FBCSP__n_components': 4, 'classify': SVC(C=0.5)}                                                  |
| [8, 12, 16]_8_logeuclid_6_SVC(C=0.5)                                             | 0.650 (+/-0.131) | 0.740 (+/-0.014) | {'FBCSP__band': [8, 12, 16], 'FBCSP__k': 8, 'FBCSP__metric': 'logeuclid', 'FBCSP__n_components': 6, 'classify': SVC(C=0.5)}                                               |
| [8, 12, 16]_8_logeuclid_8_SVC(C=0.5)                                             | 0.650 (+/-0.131) | 0.740 (+/-0.014) | {'FBCSP__band': [8, 12, 16], 'FBCSP__k': 8, 'FBCSP__metric': 'logeuclid', 'FBCSP__n_components': 8, 'classify': SVC(C=0.5)}                                               |
| [8, 12, 16]_8_riemann_2_SVC(C=0.5)                                               | 0.650 (+/-0.131) | 0.740 (+/-0.014) | {'FBCSP__band': [8, 12, 16], 'FBCSP__k': 8, 'FBCSP__metric': 'riemann', 'FBCSP__n_components': 2, 'classify': SVC(C=0.5)}                                                 |
| [8, 12, 16]_8_riemann_4_SVC(C=0.5)                                               | 0.650 (+/-0.131) | 0.740 (+/-0.014) | {'FBCSP__band': [8, 12, 16], 'FBCSP__k': 8, 'FBCSP__metric': 'riemann', 'FBCSP__n_components': 4, 'classify': SVC(C=0.5)}                                                 |
| [8, 12, 16]_8_riemann_8_SVC(C=0.5)                                               | 0.650 (+/-0.131) | 0.740 (+/-0.014) | {'FBCSP__band': [8, 12, 16], 'FBCSP__k': 8, 'FBCSP__metric': 'riemann', 'FBCSP__n_components': 8, 'classify': SVC(C=0.5)}                                                 |
| [8, 12, 16]_8_euclid_2_SVC(C=0.5)                                                | 0.650 (+/-0.131) | 0.740 (+/-0.014) | {'FBCSP__band': [8, 12, 16], 'FBCSP__k': 8, 'FBCSP__metric': 'euclid', 'FBCSP__n_components': 2, 'classify': SVC(C=0.5)}                                                  |
| [8, 12, 16]_8_euclid_8_SVC(C=0.5)                                                | 0.650 (+/-0.131) | 0.740 (+/-0.014) | {'FBCSP__band': [8, 12, 16], 'FBCSP__k': 8, 'FBCSP__metric': 'euclid', 'FBCSP__n_components': 8, 'classify': SVC(C=0.5)}                                                  |
| [8, 12, 16]_all_euclid_2_SVC(C=0.5)                                              | 0.650 (+/-0.131) | 0.740 (+/-0.014) | {'FBCSP__band': [8, 12, 16], 'FBCSP__k': 'all', 'FBCSP__metric': 'euclid', 'FBCSP__n_components': 2, 'classify': SVC(C=0.5)}                                              |
| [8, 12, 16]_all_riemann_8_SVC(C=0.5)                                             | 0.650 (+/-0.131) | 0.740 (+/-0.014) | {'FBCSP__band': [8, 12, 16], 'FBCSP__k': 'all', 'FBCSP__metric': 'riemann', 'FBCSP__n_components': 8, 'classify': SVC(C=0.5)}                                             |
| [8, 12, 16]_all_logeuclid_6_SVC(C=0.5)                                           | 0.650 (+/-0.131) | 0.740 (+/-0.014) | {'FBCSP__band': [8, 12, 16], 'FBCSP__k': 'all', 'FBCSP__metric': 'logeuclid', 'FBCSP__n_components': 6, 'classify': SVC(C=0.5)}                                           |
| [8, 12, 16]_all_riemann_6_SVC(C=0.5)                                             | 0.650 (+/-0.131) | 0.740 (+/-0.014) | {'FBCSP__band': [8, 12, 16], 'FBCSP__k': 'all', 'FBCSP__metric': 'riemann', 'FBCSP__n_components': 6, 'classify': SVC(C=0.5)}                                             |
| [8, 12, 16]_all_riemann_4_SVC(C=0.5)                                             | 0.650 (+/-0.131) | 0.740 (+/-0.014) | {'FBCSP__band': [8, 12, 16], 'FBCSP__k': 'all', 'FBCSP__metric': 'riemann', 'FBCSP__n_components': 4, 'classify': SVC(C=0.5)}                                             |
| [8, 12, 16]_all_riemann_2_SVC(C=0.5)                                             | 0.650 (+/-0.131) | 0.740 (+/-0.014) | {'FBCSP__band': [8, 12, 16], 'FBCSP__k': 'all', 'FBCSP__metric': 'riemann', 'FBCSP__n_components': 2, 'classify': SVC(C=0.5)}                                             |
| [8, 12, 16]_all_logeuclid_8_SVC(C=0.5)                                           | 0.650 (+/-0.131) | 0.740 (+/-0.014) | {'FBCSP__band': [8, 12, 16], 'FBCSP__k': 'all', 'FBCSP__metric': 'logeuclid', 'FBCSP__n_components': 8, 'classify': SVC(C=0.5)}                                           |
| [8, 12, 16]_all_euclid_4_SVC(C=0.5)                                              | 0.650 (+/-0.131) | 0.740 (+/-0.014) | {'FBCSP__band': [8, 12, 16], 'FBCSP__k': 'all', 'FBCSP__metric': 'euclid', 'FBCSP__n_components': 4, 'classify': SVC(C=0.5)}                                              |
| [8, 12, 16]_all_logeuclid_4_SVC(C=0.5)                                           | 0.650 (+/-0.131) | 0.740 (+/-0.014) | {'FBCSP__band': [8, 12, 16], 'FBCSP__k': 'all', 'FBCSP__metric': 'logeuclid', 'FBCSP__n_components': 4, 'classify': SVC(C=0.5)}                                           |
| [8, 12, 16]_8_riemann_6_SVC(C=0.5)                                               | 0.650 (+/-0.131) | 0.740 (+/-0.014) | {'FBCSP__band': [8, 12, 16], 'FBCSP__k': 8, 'FBCSP__metric': 'riemann', 'FBCSP__n_components': 6, 'classify': SVC(C=0.5)}                                                 |
| [8, 12, 16]_all_euclid_8_SVC(C=0.5)                                              | 0.650 (+/-0.131) | 0.740 (+/-0.014) | {'FBCSP__band': [8, 12, 16], 'FBCSP__k': 'all', 'FBCSP__metric': 'euclid', 'FBCSP__n_components': 8, 'classify': SVC(C=0.5)}                                              |
| [8, 12, 16]_all_euclid_6_SVC(C=0.5)                                              | 0.650 (+/-0.131) | 0.740 (+/-0.014) | {'FBCSP__band': [8, 12, 16], 'FBCSP__k': 'all', 'FBCSP__metric': 'euclid', 'FBCSP__n_components': 6, 'classify': SVC(C=0.5)}                                              |
| [8, 12, 16]_all_logeuclid_2_SVC(C=0.5)                                           | 0.650 (+/-0.131) | 0.740 (+/-0.014) | {'FBCSP__band': [8, 12, 16], 'FBCSP__k': 'all', 'FBCSP__metric': 'logeuclid', 'FBCSP__n_components': 2, 'classify': SVC(C=0.5)}                                           |
| [8, 12, 16]_all_euclid_4_RandomForestClassifier(max_depth=5, n_estimators=10)    | 0.650 (+/-0.094) | 0.817 (+/-0.018) | {'FBCSP__band': [8, 12, 16], 'FBCSP__k': 'all', 'FBCSP__metric': 'euclid', 'FBCSP__n_components': 4, 'classify': RandomForestClassifier(max_depth=5, n_estimators=10)}    |
| [8, 12, 16]_8_logeuclid_8_RandomForestClassifier(max_depth=5, n_estimators=10)   | 0.648 (+/-0.125) | 0.815 (+/-0.014) | {'FBCSP__band': [8, 12, 16], 'FBCSP__k': 8, 'FBCSP__metric': 'logeuclid', 'FBCSP__n_components': 8, 'classify': RandomForestClassifier(max_depth=5, n_estimators=10)}     |
| [8, 12, 16]_8_riemann_4_RandomForestClassifier(max_depth=5, n_estimators=10)     | 0.647 (+/-0.095) | 0.831 (+/-0.001) | {'FBCSP__band': [8, 12, 16], 'FBCSP__k': 8, 'FBCSP__metric': 'riemann', 'FBCSP__n_components': 4, 'classify': RandomForestClassifier(max_depth=5, n_estimators=10)}       |
| [8, 12, 16]_8_logeuclid_4_RandomForestClassifier(max_depth=5, n_estimators=10)   | 0.644 (+/-0.098) | 0.817 (+/-0.017) | {'FBCSP__band': [8, 12, 16], 'FBCSP__k': 8, 'FBCSP__metric': 'logeuclid', 'FBCSP__n_components': 4, 'classify': RandomForestClassifier(max_depth=5, n_estimators=10)}     |
| [8, 12, 16]_8_riemann_2_RandomForestClassifier(max_depth=5, n_estimators=10)     | 0.644 (+/-0.103) | 0.809 (+/-0.010) | {'FBCSP__band': [8, 12, 16], 'FBCSP__k': 8, 'FBCSP__metric': 'riemann', 'FBCSP__n_components': 2, 'classify': RandomForestClassifier(max_depth=5, n_estimators=10)}       |
| [8, 12, 16]_4_euclid_2_RandomForestClassifier(max_depth=5, n_estimators=10)      | 0.642 (+/-0.100) | 0.783 (+/-0.036) | {'FBCSP__band': [8, 12, 16], 'FBCSP__k': 4, 'FBCSP__metric': 'euclid', 'FBCSP__n_components': 2, 'classify': RandomForestClassifier(max_depth=5, n_estimators=10)}        |
| [8, 12, 16]_8_euclid_6_RandomForestClassifier(max_depth=5, n_estimators=10)      | 0.641 (+/-0.122) | 0.815 (+/-0.013) | {'FBCSP__band': [8, 12, 16], 'FBCSP__k': 8, 'FBCSP__metric': 'euclid', 'FBCSP__n_components': 6, 'classify': RandomForestClassifier(max_depth=5, n_estimators=10)}        |
| [8, 12, 16]_all_riemann_4_RandomForestClassifier(max_depth=5, n_estimators=10)   | 0.639 (+/-0.100) | 0.823 (+/-0.009) | {'FBCSP__band': [8, 12, 16], 'FBCSP__k': 'all', 'FBCSP__metric': 'riemann', 'FBCSP__n_components': 4, 'classify': RandomForestClassifier(max_depth=5, n_estimators=10)}   |
| [8, 12, 16]_8_riemann_6_RandomForestClassifier(max_depth=5, n_estimators=10)     | 0.639 (+/-0.099) | 0.812 (+/-0.009) | {'FBCSP__band': [8, 12, 16], 'FBCSP__k': 8, 'FBCSP__metric': 'riemann', 'FBCSP__n_components': 6, 'classify': RandomForestClassifier(max_depth=5, n_estimators=10)}       |
| [8, 12, 16]_8_euclid_8_RandomForestClassifier(max_depth=5, n_estimators=10)      | 0.635 (+/-0.097) | 0.815 (+/-0.009) | {'FBCSP__band': [8, 12, 16], 'FBCSP__k': 8, 'FBCSP__metric': 'euclid', 'FBCSP__n_components': 8, 'classify': RandomForestClassifier(max_depth=5, n_estimators=10)}        |
| [8, 12, 16]_8_logeuclid_2_RandomForestClassifier(max_depth=5, n_estimators=10)   | 0.634 (+/-0.097) | 0.814 (+/-0.016) | {'FBCSP__band': [8, 12, 16], 'FBCSP__k': 8, 'FBCSP__metric': 'logeuclid', 'FBCSP__n_components': 2, 'classify': RandomForestClassifier(max_depth=5, n_estimators=10)}     |
| [8, 12, 16]_all_riemann_2_RandomForestClassifier(max_depth=5, n_estimators=10)   | 0.633 (+/-0.097) | 0.817 (+/-0.013) | {'FBCSP__band': [8, 12, 16], 'FBCSP__k': 'all', 'FBCSP__metric': 'riemann', 'FBCSP__n_components': 2, 'classify': RandomForestClassifier(max_depth=5, n_estimators=10)}   |
| [8, 12, 16]_all_logeuclid_4_RandomForestClassifier(max_depth=5, n_estimators=10) | 0.632 (+/-0.106) | 0.818 (+/-0.025) | {'FBCSP__band': [8, 12, 16], 'FBCSP__k': 'all', 'FBCSP__metric': 'logeuclid', 'FBCSP__n_components': 4, 'classify': RandomForestClassifier(max_depth=5, n_estimators=10)} |
| [8, 12, 16]_all_riemann_6_RandomForestClassifier(max_depth=5, n_estimators=10)   | 0.630 (+/-0.095) | 0.820 (+/-0.009) | {'FBCSP__band': [8, 12, 16], 'FBCSP__k': 'all', 'FBCSP__metric': 'riemann', 'FBCSP__n_components': 6, 'classify': RandomForestClassifier(max_depth=5, n_estimators=10)}   |
| [8, 12, 16]_8_euclid_4_RandomForestClassifier(max_depth=5, n_estimators=10)      | 0.630 (+/-0.104) | 0.818 (+/-0.020) | {'FBCSP__band': [8, 12, 16], 'FBCSP__k': 8, 'FBCSP__metric': 'euclid', 'FBCSP__n_components': 4, 'classify': RandomForestClassifier(max_depth=5, n_estimators=10)}        |
| [8, 12, 16]_all_euclid_6_RandomForestClassifier(max_depth=5, n_estimators=10)    | 0.630 (+/-0.082) | 0.822 (+/-0.010) | {'FBCSP__band': [8, 12, 16], 'FBCSP__k': 'all', 'FBCSP__metric': 'euclid', 'FBCSP__n_components': 6, 'classify': RandomForestClassifier(max_depth=5, n_estimators=10)}    |
| [8, 12, 16]_8_euclid_2_RandomForestClassifier(max_depth=5, n_estimators=10)      | 0.626 (+/-0.092) | 0.810 (+/-0.021) | {'FBCSP__band': [8, 12, 16], 'FBCSP__k': 8, 'FBCSP__metric': 'euclid', 'FBCSP__n_components': 2, 'classify': RandomForestClassifier(max_depth=5, n_estimators=10)}        |
| [8, 12, 16]_4_riemann_8_SVC(C=0.5)                                               | 0.626 (+/-0.105) | 0.703 (+/-0.044) | {'FBCSP__band': [8, 12, 16], 'FBCSP__k': 4, 'FBCSP__metric': 'riemann', 'FBCSP__n_components': 8, 'classify': SVC(C=0.5)}                                                 |
| [8, 12, 16]_4_riemann_6_SVC(C=0.5)                                               | 0.626 (+/-0.105) | 0.703 (+/-0.044) | {'FBCSP__band': [8, 12, 16], 'FBCSP__k': 4, 'FBCSP__metric': 'riemann', 'FBCSP__n_components': 6, 'classify': SVC(C=0.5)}                                                 |
| [8, 12, 16]_4_riemann_4_SVC(C=0.5)                                               | 0.626 (+/-0.105) | 0.703 (+/-0.044) | {'FBCSP__band': [8, 12, 16], 'FBCSP__k': 4, 'FBCSP__metric': 'riemann', 'FBCSP__n_components': 4, 'classify': SVC(C=0.5)}                                                 |
| [8, 12, 16]_4_riemann_2_SVC(C=0.5)                                               | 0.626 (+/-0.105) | 0.703 (+/-0.044) | {'FBCSP__band': [8, 12, 16], 'FBCSP__k': 4, 'FBCSP__metric': 'riemann', 'FBCSP__n_components': 2, 'classify': SVC(C=0.5)}                                                 |
| [8, 12, 16]_4_euclid_2_SVC(C=0.5)                                                | 0.626 (+/-0.105) | 0.703 (+/-0.044) | {'FBCSP__band': [8, 12, 16], 'FBCSP__k': 4, 'FBCSP__metric': 'euclid', 'FBCSP__n_components': 2, 'classify': SVC(C=0.5)}                                                  |
| [8, 12, 16]_4_logeuclid_8_SVC(C=0.5)                                             | 0.626 (+/-0.105) | 0.703 (+/-0.044) | {'FBCSP__band': [8, 12, 16], 'FBCSP__k': 4, 'FBCSP__metric': 'logeuclid', 'FBCSP__n_components': 8, 'classify': SVC(C=0.5)}                                               |
| [8, 12, 16]_4_logeuclid_8_RandomForestClassifier(max_depth=5, n_estimators=10)   | 0.626 (+/-0.083) | 0.795 (+/-0.021) | {'FBCSP__band': [8, 12, 16], 'FBCSP__k': 4, 'FBCSP__metric': 'logeuclid', 'FBCSP__n_components': 8, 'classify': RandomForestClassifier(max_depth=5, n_estimators=10)}     |
| [8, 12, 16]_4_logeuclid_6_SVC(C=0.5)                                             | 0.626 (+/-0.105) | 0.703 (+/-0.044) | {'FBCSP__band': [8, 12, 16], 'FBCSP__k': 4, 'FBCSP__metric': 'logeuclid', 'FBCSP__n_components': 6, 'classify': SVC(C=0.5)}                                               |
| [8, 12, 16]_4_logeuclid_4_SVC(C=0.5)                                             | 0.626 (+/-0.105) | 0.703 (+/-0.044) | {'FBCSP__band': [8, 12, 16], 'FBCSP__k': 4, 'FBCSP__metric': 'logeuclid', 'FBCSP__n_components': 4, 'classify': SVC(C=0.5)}                                               |
| [8, 12, 16]_4_euclid_4_SVC(C=0.5)                                                | 0.626 (+/-0.105) | 0.703 (+/-0.044) | {'FBCSP__band': [8, 12, 16], 'FBCSP__k': 4, 'FBCSP__metric': 'euclid', 'FBCSP__n_components': 4, 'classify': SVC(C=0.5)}                                                  |
| [8, 12, 16]_4_logeuclid_2_SVC(C=0.5)                                             | 0.626 (+/-0.105) | 0.703 (+/-0.044) | {'FBCSP__band': [8, 12, 16], 'FBCSP__k': 4, 'FBCSP__metric': 'logeuclid', 'FBCSP__n_components': 2, 'classify': SVC(C=0.5)}                                               |
| [8, 12, 16]_4_euclid_6_SVC(C=0.5)                                                | 0.626 (+/-0.105) | 0.703 (+/-0.044) | {'FBCSP__band': [8, 12, 16], 'FBCSP__k': 4, 'FBCSP__metric': 'euclid', 'FBCSP__n_components': 6, 'classify': SVC(C=0.5)}                                                  |
| [8, 12, 16]_4_euclid_8_SVC(C=0.5)                                                | 0.626 (+/-0.105) | 0.703 (+/-0.044) | {'FBCSP__band': [8, 12, 16], 'FBCSP__k': 4, 'FBCSP__metric': 'euclid', 'FBCSP__n_components': 8, 'classify': SVC(C=0.5)}                                                  |
| [8, 12, 16]_all_logeuclid_2_RandomForestClassifier(max_depth=5, n_estimators=10) | 0.625 (+/-0.107) | 0.823 (+/-0.015) | {'FBCSP__band': [8, 12, 16], 'FBCSP__k': 'all', 'FBCSP__metric': 'logeuclid', 'FBCSP__n_components': 2, 'classify': RandomForestClassifier(max_depth=5, n_estimators=10)} |
| [8, 12, 16]_4_euclid_4_RandomForestClassifier(max_depth=5, n_estimators=10)      | 0.621 (+/-0.088) | 0.787 (+/-0.028) | {'FBCSP__band': [8, 12, 16], 'FBCSP__k': 4, 'FBCSP__metric': 'euclid', 'FBCSP__n_components': 4, 'classify': RandomForestClassifier(max_depth=5, n_estimators=10)}        |
| [8, 12, 16]_4_riemann_8_RandomForestClassifier(max_depth=5, n_estimators=10)     | 0.620 (+/-0.092) | 0.796 (+/-0.025) | {'FBCSP__band': [8, 12, 16], 'FBCSP__k': 4, 'FBCSP__metric': 'riemann', 'FBCSP__n_components': 8, 'classify': RandomForestClassifier(max_depth=5, n_estimators=10)}       |
| [8, 12, 16]_4_euclid_6_RandomForestClassifier(max_depth=5, n_estimators=10)      | 0.619 (+/-0.081) | 0.790 (+/-0.027) | {'FBCSP__band': [8, 12, 16], 'FBCSP__k': 4, 'FBCSP__metric': 'euclid', 'FBCSP__n_components': 6, 'classify': RandomForestClassifier(max_depth=5, n_estimators=10)}        |
| [8, 12, 16]_2_logeuclid_2_RandomForestClassifier(max_depth=5, n_estimators=10)   | 0.619 (+/-0.080) | 0.742 (+/-0.032) | {'FBCSP__band': [8, 12, 16], 'FBCSP__k': 2, 'FBCSP__metric': 'logeuclid', 'FBCSP__n_components': 2, 'classify': RandomForestClassifier(max_depth=5, n_estimators=10)}     |
| [8, 12, 16]_2_logeuclid_4_SVC(C=0.5)                                             | 0.618 (+/-0.092) | 0.663 (+/-0.056) | {'FBCSP__band': [8, 12, 16], 'FBCSP__k': 2, 'FBCSP__metric': 'logeuclid', 'FBCSP__n_components': 4, 'classify': SVC(C=0.5)}                                               |
| [8, 12, 16]_2_logeuclid_6_SVC(C=0.5)                                             | 0.618 (+/-0.092) | 0.663 (+/-0.056) | {'FBCSP__band': [8, 12, 16], 'FBCSP__k': 2, 'FBCSP__metric': 'logeuclid', 'FBCSP__n_components': 6, 'classify': SVC(C=0.5)}                                               |
| [8, 12, 16]_2_euclid_8_SVC(C=0.5)                                                | 0.618 (+/-0.092) | 0.663 (+/-0.056) | {'FBCSP__band': [8, 12, 16], 'FBCSP__k': 2, 'FBCSP__metric': 'euclid', 'FBCSP__n_components': 8, 'classify': SVC(C=0.5)}                                                  |
| [8, 12, 16]_2_euclid_6_SVC(C=0.5)                                                | 0.618 (+/-0.092) | 0.663 (+/-0.056) | {'FBCSP__band': [8, 12, 16], 'FBCSP__k': 2, 'FBCSP__metric': 'euclid', 'FBCSP__n_components': 6, 'classify': SVC(C=0.5)}                                                  |
| [8, 12, 16]_2_euclid_2_SVC(C=0.5)                                                | 0.618 (+/-0.092) | 0.663 (+/-0.056) | {'FBCSP__band': [8, 12, 16], 'FBCSP__k': 2, 'FBCSP__metric': 'euclid', 'FBCSP__n_components': 2, 'classify': SVC(C=0.5)}                                                  |
| [8, 12, 16]_2_riemann_8_SVC(C=0.5)                                               | 0.618 (+/-0.092) | 0.663 (+/-0.056) | {'FBCSP__band': [8, 12, 16], 'FBCSP__k': 2, 'FBCSP__metric': 'riemann', 'FBCSP__n_components': 8, 'classify': SVC(C=0.5)}                                                 |
| [8, 12, 16]_2_logeuclid_8_SVC(C=0.5)                                             | 0.618 (+/-0.092) | 0.663 (+/-0.056) | {'FBCSP__band': [8, 12, 16], 'FBCSP__k': 2, 'FBCSP__metric': 'logeuclid', 'FBCSP__n_components': 8, 'classify': SVC(C=0.5)}                                               |
| [8, 12, 16]_2_euclid_4_SVC(C=0.5)                                                | 0.618 (+/-0.092) | 0.663 (+/-0.056) | {'FBCSP__band': [8, 12, 16], 'FBCSP__k': 2, 'FBCSP__metric': 'euclid', 'FBCSP__n_components': 4, 'classify': SVC(C=0.5)}                                                  |
| [8, 12, 16]_2_riemann_6_SVC(C=0.5)                                               | 0.618 (+/-0.092) | 0.663 (+/-0.056) | {'FBCSP__band': [8, 12, 16], 'FBCSP__k': 2, 'FBCSP__metric': 'riemann', 'FBCSP__n_components': 6, 'classify': SVC(C=0.5)}                                                 |
| [8, 12, 16]_2_riemann_4_SVC(C=0.5)                                               | 0.618 (+/-0.092) | 0.663 (+/-0.056) | {'FBCSP__band': [8, 12, 16], 'FBCSP__k': 2, 'FBCSP__metric': 'riemann', 'FBCSP__n_components': 4, 'classify': SVC(C=0.5)}                                                 |
| [8, 12, 16]_2_logeuclid_2_SVC(C=0.5)                                             | 0.618 (+/-0.092) | 0.663 (+/-0.056) | {'FBCSP__band': [8, 12, 16], 'FBCSP__k': 2, 'FBCSP__metric': 'logeuclid', 'FBCSP__n_components': 2, 'classify': SVC(C=0.5)}                                               |
| [8, 12, 16]_2_riemann_2_SVC(C=0.5)                                               | 0.618 (+/-0.092) | 0.663 (+/-0.056) | {'FBCSP__band': [8, 12, 16], 'FBCSP__k': 2, 'FBCSP__metric': 'riemann', 'FBCSP__n_components': 2, 'classify': SVC(C=0.5)}                                                 |
| [8, 12, 16]_2_riemann_6_RandomForestClassifier(max_depth=5, n_estimators=10)     | 0.616 (+/-0.076) | 0.746 (+/-0.029) | {'FBCSP__band': [8, 12, 16], 'FBCSP__k': 2, 'FBCSP__metric': 'riemann', 'FBCSP__n_components': 6, 'classify': RandomForestClassifier(max_depth=5, n_estimators=10)}       |
| [8, 12, 16]_8_riemann_8_RandomForestClassifier(max_depth=5, n_estimators=10)     | 0.616 (+/-0.088) | 0.828 (+/-0.025) | {'FBCSP__band': [8, 12, 16], 'FBCSP__k': 8, 'FBCSP__metric': 'riemann', 'FBCSP__n_components': 8, 'classify': RandomForestClassifier(max_depth=5, n_estimators=10)}       |
| [8, 12, 16]_2_logeuclid_8_RandomForestClassifier(max_depth=5, n_estimators=10)   | 0.615 (+/-0.077) | 0.735 (+/-0.045) | {'FBCSP__band': [8, 12, 16], 'FBCSP__k': 2, 'FBCSP__metric': 'logeuclid', 'FBCSP__n_components': 8, 'classify': RandomForestClassifier(max_depth=5, n_estimators=10)}     |
| [8, 12, 16]_4_riemann_2_RandomForestClassifier(max_depth=5, n_estimators=10)     | 0.614 (+/-0.075) | 0.796 (+/-0.029) | {'FBCSP__band': [8, 12, 16], 'FBCSP__k': 4, 'FBCSP__metric': 'riemann', 'FBCSP__n_components': 2, 'classify': RandomForestClassifier(max_depth=5, n_estimators=10)}       |
| [8, 12, 16]_2_logeuclid_6_RandomForestClassifier(max_depth=5, n_estimators=10)   | 0.613 (+/-0.075) | 0.755 (+/-0.038) | {'FBCSP__band': [8, 12, 16], 'FBCSP__k': 2, 'FBCSP__metric': 'logeuclid', 'FBCSP__n_components': 6, 'classify': RandomForestClassifier(max_depth=5, n_estimators=10)}     |
| [8, 12, 16]_4_logeuclid_2_RandomForestClassifier(max_depth=5, n_estimators=10)   | 0.613 (+/-0.070) | 0.790 (+/-0.024) | {'FBCSP__band': [8, 12, 16], 'FBCSP__k': 4, 'FBCSP__metric': 'logeuclid', 'FBCSP__n_components': 2, 'classify': RandomForestClassifier(max_depth=5, n_estimators=10)}     |
| [8, 12, 16]_2_logeuclid_4_RandomForestClassifier(max_depth=5, n_estimators=10)   | 0.609 (+/-0.076) | 0.744 (+/-0.038) | {'FBCSP__band': [8, 12, 16], 'FBCSP__k': 2, 'FBCSP__metric': 'logeuclid', 'FBCSP__n_components': 4, 'classify': RandomForestClassifier(max_depth=5, n_estimators=10)}     |
| [8, 12, 16]_2_riemann_8_RandomForestClassifier(max_depth=5, n_estimators=10)     | 0.609 (+/-0.064) | 0.743 (+/-0.039) | {'FBCSP__band': [8, 12, 16], 'FBCSP__k': 2, 'FBCSP__metric': 'riemann', 'FBCSP__n_components': 8, 'classify': RandomForestClassifier(max_depth=5, n_estimators=10)}       |
| [8, 12, 16]_2_euclid_4_RandomForestClassifier(max_depth=5, n_estimators=10)      | 0.606 (+/-0.079) | 0.746 (+/-0.040) | {'FBCSP__band': [8, 12, 16], 'FBCSP__k': 2, 'FBCSP__metric': 'euclid', 'FBCSP__n_components': 4, 'classify': RandomForestClassifier(max_depth=5, n_estimators=10)}        |
| [8, 12, 16]_2_euclid_8_RandomForestClassifier(max_depth=5, n_estimators=10)      | 0.606 (+/-0.072) | 0.730 (+/-0.047) | {'FBCSP__band': [8, 12, 16], 'FBCSP__k': 2, 'FBCSP__metric': 'euclid', 'FBCSP__n_components': 8, 'classify': RandomForestClassifier(max_depth=5, n_estimators=10)}        |
| [8, 12, 16]_4_riemann_6_RandomForestClassifier(max_depth=5, n_estimators=10)     | 0.604 (+/-0.078) | 0.794 (+/-0.033) | {'FBCSP__band': [8, 12, 16], 'FBCSP__k': 4, 'FBCSP__metric': 'riemann', 'FBCSP__n_components': 6, 'classify': RandomForestClassifier(max_depth=5, n_estimators=10)}       |
| [8, 12, 16]_2_riemann_2_RandomForestClassifier(max_depth=5, n_estimators=10)     | 0.604 (+/-0.087) | 0.742 (+/-0.044) | {'FBCSP__band': [8, 12, 16], 'FBCSP__k': 2, 'FBCSP__metric': 'riemann', 'FBCSP__n_components': 2, 'classify': RandomForestClassifier(max_depth=5, n_estimators=10)}       |
| [8, 12, 16]_4_riemann_4_RandomForestClassifier(max_depth=5, n_estimators=10)     | 0.603 (+/-0.074) | 0.786 (+/-0.021) | {'FBCSP__band': [8, 12, 16], 'FBCSP__k': 4, 'FBCSP__metric': 'riemann', 'FBCSP__n_components': 4, 'classify': RandomForestClassifier(max_depth=5, n_estimators=10)}       |
| [8, 12, 16]_2_riemann_4_RandomForestClassifier(max_depth=5, n_estimators=10)     | 0.601 (+/-0.077) | 0.747 (+/-0.042) | {'FBCSP__band': [8, 12, 16], 'FBCSP__k': 2, 'FBCSP__metric': 'riemann', 'FBCSP__n_components': 4, 'classify': RandomForestClassifier(max_depth=5, n_estimators=10)}       |
| [8, 12, 16]_4_euclid_8_RandomForestClassifier(max_depth=5, n_estimators=10)      | 0.599 (+/-0.082) | 0.794 (+/-0.030) | {'FBCSP__band': [8, 12, 16], 'FBCSP__k': 4, 'FBCSP__metric': 'euclid', 'FBCSP__n_components': 8, 'classify': RandomForestClassifier(max_depth=5, n_estimators=10)}        |
| [8, 12, 16]_4_logeuclid_4_RandomForestClassifier(max_depth=5, n_estimators=10)   | 0.599 (+/-0.072) | 0.800 (+/-0.041) | {'FBCSP__band': [8, 12, 16], 'FBCSP__k': 4, 'FBCSP__metric': 'logeuclid', 'FBCSP__n_components': 4, 'classify': RandomForestClassifier(max_depth=5, n_estimators=10)}     |
| [8, 12, 16]_2_euclid_2_RandomForestClassifier(max_depth=5, n_estimators=10)      | 0.598 (+/-0.065) | 0.747 (+/-0.044) | {'FBCSP__band': [8, 12, 16], 'FBCSP__k': 2, 'FBCSP__metric': 'euclid', 'FBCSP__n_components': 2, 'classify': RandomForestClassifier(max_depth=5, n_estimators=10)}        |
| [8, 12, 16]_2_euclid_6_RandomForestClassifier(max_depth=5, n_estimators=10)      | 0.596 (+/-0.072) | 0.739 (+/-0.033) | {'FBCSP__band': [8, 12, 16], 'FBCSP__k': 2, 'FBCSP__metric': 'euclid', 'FBCSP__n_components': 6, 'classify': RandomForestClassifier(max_depth=5, n_estimators=10)}        |
| [8, 12, 16]_4_logeuclid_6_RandomForestClassifier(max_depth=5, n_estimators=10)   | 0.595 (+/-0.099) | 0.789 (+/-0.017) | {'FBCSP__band': [8, 12, 16], 'FBCSP__k': 4, 'FBCSP__metric': 'logeuclid', 'FBCSP__n_components': 6, 'classify': RandomForestClassifier(max_depth=5, n_estimators=10)}     |
## FBCSP predict
