# ea & Leave1Out
## EEGnet classify
| abbr.          | test_score       | train_score      | params                                                             |
|----------------|------------------|------------------|--------------------------------------------------------------------|
| 150_ea_0.4_200 | 0.624 (+/-0.100) | 0.713 (+/-0.058) | {'batch_size': 150, 'data': 'ea', 'dropout_p': 0.4, 'epochs': 200} |
| 100_ea_0.2_150 | 0.620 (+/-0.075) | 0.709 (+/-0.059) | {'batch_size': 100, 'data': 'ea', 'dropout_p': 0.2, 'epochs': 150} |
| 200_ea_0.6_300 | 0.618 (+/-0.114) | 0.695 (+/-0.070) | {'batch_size': 200, 'data': 'ea', 'dropout_p': 0.6, 'epochs': 300} |
| 150_ea_0.6_400 | 0.614 (+/-0.116) | 0.718 (+/-0.085) | {'batch_size': 150, 'data': 'ea', 'dropout_p': 0.6, 'epochs': 400} |
| 150_ea_0.2_250 | 0.611 (+/-0.101) | 0.673 (+/-0.035) | {'batch_size': 150, 'data': 'ea', 'dropout_p': 0.2, 'epochs': 250} |
| 100_ea_0.6_350 | 0.611 (+/-0.104) | 0.739 (+/-0.069) | {'batch_size': 100, 'data': 'ea', 'dropout_p': 0.6, 'epochs': 350} |
| 100_ea_0.4_350 | 0.610 (+/-0.099) | 0.709 (+/-0.096) | {'batch_size': 100, 'data': 'ea', 'dropout_p': 0.4, 'epochs': 350} |
| 200_ea_0.4_350 | 0.605 (+/-0.105) | 0.708 (+/-0.078) | {'batch_size': 200, 'data': 'ea', 'dropout_p': 0.4, 'epochs': 350} |
| 150_ea_0.2_350 | 0.603 (+/-0.090) | 0.728 (+/-0.069) | {'batch_size': 150, 'data': 'ea', 'dropout_p': 0.2, 'epochs': 350} |
| 100_ea_0.6_200 | 0.600 (+/-0.107) | 0.672 (+/-0.089) | {'batch_size': 100, 'data': 'ea', 'dropout_p': 0.6, 'epochs': 200} |
| 100_ea_0.2_250 | 0.596 (+/-0.083) | 0.692 (+/-0.048) | {'batch_size': 100, 'data': 'ea', 'dropout_p': 0.2, 'epochs': 250} |
| 100_ea_0.4_300 | 0.595 (+/-0.120) | 0.659 (+/-0.082) | {'batch_size': 100, 'data': 'ea', 'dropout_p': 0.4, 'epochs': 300} |
| 200_ea_0.4_200 | 0.591 (+/-0.082) | 0.673 (+/-0.030) | {'batch_size': 200, 'data': 'ea', 'dropout_p': 0.4, 'epochs': 200} |
| 150_ea_0.4_300 | 0.590 (+/-0.084) | 0.684 (+/-0.038) | {'batch_size': 150, 'data': 'ea', 'dropout_p': 0.4, 'epochs': 300} |
| 200_ea_0.2_300 | 0.590 (+/-0.093) | 0.634 (+/-0.066) | {'batch_size': 200, 'data': 'ea', 'dropout_p': 0.2, 'epochs': 300} |
| 100_ea_0.4_150 | 0.590 (+/-0.078) | 0.653 (+/-0.054) | {'batch_size': 100, 'data': 'ea', 'dropout_p': 0.4, 'epochs': 150} |
| 100_ea_0.4_250 | 0.589 (+/-0.077) | 0.685 (+/-0.083) | {'batch_size': 100, 'data': 'ea', 'dropout_p': 0.4, 'epochs': 250} |
| 100_ea_0.6_250 | 0.585 (+/-0.096) | 0.723 (+/-0.036) | {'batch_size': 100, 'data': 'ea', 'dropout_p': 0.6, 'epochs': 250} |
| 200_ea_0.2_150 | 0.585 (+/-0.073) | 0.661 (+/-0.033) | {'batch_size': 200, 'data': 'ea', 'dropout_p': 0.2, 'epochs': 150} |
| 100_ea_0.2_300 | 0.584 (+/-0.093) | 0.654 (+/-0.086) | {'batch_size': 100, 'data': 'ea', 'dropout_p': 0.2, 'epochs': 300} |
| 150_ea_0.4_400 | 0.584 (+/-0.067) | 0.682 (+/-0.040) | {'batch_size': 150, 'data': 'ea', 'dropout_p': 0.4, 'epochs': 400} |
| 150_ea_0.2_300 | 0.581 (+/-0.099) | 0.693 (+/-0.079) | {'batch_size': 150, 'data': 'ea', 'dropout_p': 0.2, 'epochs': 300} |
| 100_ea_0.2_400 | 0.580 (+/-0.100) | 0.676 (+/-0.092) | {'batch_size': 100, 'data': 'ea', 'dropout_p': 0.2, 'epochs': 400} |
| 150_ea_0.4_350 | 0.579 (+/-0.067) | 0.717 (+/-0.071) | {'batch_size': 150, 'data': 'ea', 'dropout_p': 0.4, 'epochs': 350} |
| 100_ea_0.6_150 | 0.578 (+/-0.053) | 0.706 (+/-0.031) | {'batch_size': 100, 'data': 'ea', 'dropout_p': 0.6, 'epochs': 150} |
| 150_ea_0.2_400 | 0.578 (+/-0.058) | 0.726 (+/-0.098) | {'batch_size': 150, 'data': 'ea', 'dropout_p': 0.2, 'epochs': 400} |
| 200_ea_0.4_300 | 0.576 (+/-0.083) | 0.709 (+/-0.062) | {'batch_size': 200, 'data': 'ea', 'dropout_p': 0.4, 'epochs': 300} |
| 150_ea_0.4_150 | 0.574 (+/-0.048) | 0.696 (+/-0.052) | {'batch_size': 150, 'data': 'ea', 'dropout_p': 0.4, 'epochs': 150} |
| 150_ea_0.6_350 | 0.573 (+/-0.099) | 0.658 (+/-0.060) | {'batch_size': 150, 'data': 'ea', 'dropout_p': 0.6, 'epochs': 350} |
| 100_ea_0.2_200 | 0.571 (+/-0.081) | 0.630 (+/-0.031) | {'batch_size': 100, 'data': 'ea', 'dropout_p': 0.2, 'epochs': 200} |
| 200_ea_0.4_250 | 0.571 (+/-0.086) | 0.633 (+/-0.051) | {'batch_size': 200, 'data': 'ea', 'dropout_p': 0.4, 'epochs': 250} |
| 100_ea_0.4_200 | 0.566 (+/-0.062) | 0.660 (+/-0.027) | {'batch_size': 100, 'data': 'ea', 'dropout_p': 0.4, 'epochs': 200} |
| 200_ea_0.2_200 | 0.566 (+/-0.074) | 0.637 (+/-0.068) | {'batch_size': 200, 'data': 'ea', 'dropout_p': 0.2, 'epochs': 200} |
| 150_ea_0.6_150 | 0.565 (+/-0.070) | 0.618 (+/-0.027) | {'batch_size': 150, 'data': 'ea', 'dropout_p': 0.6, 'epochs': 150} |
| 200_ea_0.2_350 | 0.562 (+/-0.086) | 0.667 (+/-0.075) | {'batch_size': 200, 'data': 'ea', 'dropout_p': 0.2, 'epochs': 350} |
| 150_ea_0.4_250 | 0.561 (+/-0.053) | 0.701 (+/-0.027) | {'batch_size': 150, 'data': 'ea', 'dropout_p': 0.4, 'epochs': 250} |
| 100_ea_0.2_350 | 0.560 (+/-0.052) | 0.705 (+/-0.095) | {'batch_size': 100, 'data': 'ea', 'dropout_p': 0.2, 'epochs': 350} |
| 200_ea_0.6_250 | 0.559 (+/-0.078) | 0.583 (+/-0.072) | {'batch_size': 200, 'data': 'ea', 'dropout_p': 0.6, 'epochs': 250} |
| 100_ea_0.6_400 | 0.556 (+/-0.052) | 0.619 (+/-0.043) | {'batch_size': 100, 'data': 'ea', 'dropout_p': 0.6, 'epochs': 400} |
| 200_ea_0.2_250 | 0.556 (+/-0.072) | 0.634 (+/-0.049) | {'batch_size': 200, 'data': 'ea', 'dropout_p': 0.2, 'epochs': 250} |
| 200_ea_0.4_150 | 0.554 (+/-0.048) | 0.591 (+/-0.058) | {'batch_size': 200, 'data': 'ea', 'dropout_p': 0.4, 'epochs': 150} |
| 150_ea_0.6_250 | 0.552 (+/-0.048) | 0.634 (+/-0.030) | {'batch_size': 150, 'data': 'ea', 'dropout_p': 0.6, 'epochs': 250} |
| 200_ea_0.6_350 | 0.552 (+/-0.066) | 0.662 (+/-0.074) | {'batch_size': 200, 'data': 'ea', 'dropout_p': 0.6, 'epochs': 350} |
| 200_ea_0.2_400 | 0.552 (+/-0.053) | 0.622 (+/-0.047) | {'batch_size': 200, 'data': 'ea', 'dropout_p': 0.2, 'epochs': 400} |
| 150_ea_0.2_150 | 0.550 (+/-0.054) | 0.616 (+/-0.058) | {'batch_size': 150, 'data': 'ea', 'dropout_p': 0.2, 'epochs': 150} |
| 100_ea_0.4_400 | 0.547 (+/-0.052) | 0.679 (+/-0.057) | {'batch_size': 100, 'data': 'ea', 'dropout_p': 0.4, 'epochs': 400} |
| 100_ea_0.6_300 | 0.546 (+/-0.042) | 0.653 (+/-0.090) | {'batch_size': 100, 'data': 'ea', 'dropout_p': 0.6, 'epochs': 300} |
| 150_ea_0.6_200 | 0.544 (+/-0.057) | 0.632 (+/-0.067) | {'batch_size': 150, 'data': 'ea', 'dropout_p': 0.6, 'epochs': 200} |
| 200_ea_0.6_200 | 0.540 (+/-0.058) | 0.626 (+/-0.054) | {'batch_size': 200, 'data': 'ea', 'dropout_p': 0.6, 'epochs': 200} |
| 200_ea_0.4_400 | 0.539 (+/-0.051) | 0.566 (+/-0.025) | {'batch_size': 200, 'data': 'ea', 'dropout_p': 0.4, 'epochs': 400} |
| 150_ea_0.6_300 | 0.538 (+/-0.046) | 0.660 (+/-0.080) | {'batch_size': 150, 'data': 'ea', 'dropout_p': 0.6, 'epochs': 300} |
| 200_ea_0.6_400 | 0.537 (+/-0.058) | 0.620 (+/-0.076) | {'batch_size': 200, 'data': 'ea', 'dropout_p': 0.6, 'epochs': 400} |
| 200_ea_0.6_150 | 0.511 (+/-0.014) | 0.616 (+/-0.078) | {'batch_size': 200, 'data': 'ea', 'dropout_p': 0.6, 'epochs': 150} |
| 150_ea_0.2_200 | 0.506 (+/-0.033) | 0.573 (+/-0.033) | {'batch_size': 150, 'data': 'ea', 'dropout_p': 0.2, 'epochs': 200} |
