# orig_data & Leave1Out
## BrainNetv2 classify
| abbr.               | test_score       | train_score      | params                                                                             |
|---------------------|------------------|------------------|------------------------------------------------------------------------------------|
| 100_25_None_10_8_3  | 0.560 (+/-0.017) | 0.733 (+/-0.025) | {'batch_size': 100, 'd_ratio': 25, 'data': None, 'epochs': 10, 'h': 8, 'head': 3}  |
| 100_25_None_20_6_5  | 0.542 (+/-0.037) | 0.858 (+/-0.020) | {'batch_size': 100, 'd_ratio': 25, 'data': None, 'epochs': 20, 'h': 6, 'head': 5}  |
| 100_25_None_10_6_15 | 0.537 (+/-0.019) | 0.754 (+/-0.022) | {'batch_size': 100, 'd_ratio': 25, 'data': None, 'epochs': 10, 'h': 6, 'head': 15} |
| 100_25_None_20_4_15 | 0.528 (+/-0.024) | 0.836 (+/-0.041) | {'batch_size': 100, 'd_ratio': 25, 'data': None, 'epochs': 20, 'h': 4, 'head': 15} |
| 100_15_None_10_8_5  | 0.528 (+/-0.019) | 0.724 (+/-0.032) | {'batch_size': 100, 'd_ratio': 15, 'data': None, 'epochs': 10, 'h': 8, 'head': 5}  |
| 100_10_None_20_6_10 | 0.526 (+/-0.010) | 0.816 (+/-0.022) | {'batch_size': 100, 'd_ratio': 10, 'data': None, 'epochs': 20, 'h': 6, 'head': 10} |
| 100_10_None_20_6_3  | 0.526 (+/-0.027) | 0.859 (+/-0.017) | {'batch_size': 100, 'd_ratio': 10, 'data': None, 'epochs': 20, 'h': 6, 'head': 3}  |
| 100_15_None_10_4_3  | 0.526 (+/-0.028) | 0.742 (+/-0.022) | {'batch_size': 100, 'd_ratio': 15, 'data': None, 'epochs': 10, 'h': 4, 'head': 3}  |
| 100_15_None_20_6_5  | 0.525 (+/-0.034) | 0.872 (+/-0.038) | {'batch_size': 100, 'd_ratio': 15, 'data': None, 'epochs': 20, 'h': 6, 'head': 5}  |
| 100_25_None_10_4_2  | 0.524 (+/-0.031) | 0.745 (+/-0.013) | {'batch_size': 100, 'd_ratio': 25, 'data': None, 'epochs': 10, 'h': 4, 'head': 2}  |
| 100_25_None_20_6_15 | 0.522 (+/-0.025) | 0.844 (+/-0.031) | {'batch_size': 100, 'd_ratio': 25, 'data': None, 'epochs': 20, 'h': 6, 'head': 15} |
| 100_10_None_10_6_10 | 0.522 (+/-0.048) | 0.738 (+/-0.011) | {'batch_size': 100, 'd_ratio': 10, 'data': None, 'epochs': 10, 'h': 6, 'head': 10} |
| 100_15_None_20_6_15 | 0.519 (+/-0.027) | 0.838 (+/-0.025) | {'batch_size': 100, 'd_ratio': 15, 'data': None, 'epochs': 20, 'h': 6, 'head': 15} |
| 100_10_None_10_8_15 | 0.518 (+/-0.023) | 0.732 (+/-0.030) | {'batch_size': 100, 'd_ratio': 10, 'data': None, 'epochs': 10, 'h': 8, 'head': 15} |
| 100_10_None_10_4_3  | 0.516 (+/-0.041) | 0.732 (+/-0.009) | {'batch_size': 100, 'd_ratio': 10, 'data': None, 'epochs': 10, 'h': 4, 'head': 3}  |
| 100_10_None_10_6_5  | 0.516 (+/-0.009) | 0.740 (+/-0.022) | {'batch_size': 100, 'd_ratio': 10, 'data': None, 'epochs': 10, 'h': 6, 'head': 5}  |
| 100_25_None_10_6_2  | 0.516 (+/-0.023) | 0.733 (+/-0.030) | {'batch_size': 100, 'd_ratio': 25, 'data': None, 'epochs': 10, 'h': 6, 'head': 2}  |
| 100_25_None_20_4_5  | 0.516 (+/-0.014) | 0.842 (+/-0.036) | {'batch_size': 100, 'd_ratio': 25, 'data': None, 'epochs': 20, 'h': 4, 'head': 5}  |
| 100_15_None_20_8_10 | 0.515 (+/-0.054) | 0.849 (+/-0.047) | {'batch_size': 100, 'd_ratio': 15, 'data': None, 'epochs': 20, 'h': 8, 'head': 10} |
| 100_10_None_20_8_3  | 0.514 (+/-0.025) | 0.869 (+/-0.024) | {'batch_size': 100, 'd_ratio': 10, 'data': None, 'epochs': 20, 'h': 8, 'head': 3}  |
| 100_15_None_10_6_3  | 0.511 (+/-0.042) | 0.730 (+/-0.024) | {'batch_size': 100, 'd_ratio': 15, 'data': None, 'epochs': 10, 'h': 6, 'head': 3}  |
| 100_15_None_20_4_15 | 0.511 (+/-0.024) | 0.852 (+/-0.041) | {'batch_size': 100, 'd_ratio': 15, 'data': None, 'epochs': 20, 'h': 4, 'head': 15} |
| 100_10_None_20_4_5  | 0.510 (+/-0.025) | 0.804 (+/-0.037) | {'batch_size': 100, 'd_ratio': 10, 'data': None, 'epochs': 20, 'h': 4, 'head': 5}  |
| 100_15_None_20_8_15 | 0.509 (+/-0.022) | 0.838 (+/-0.023) | {'batch_size': 100, 'd_ratio': 15, 'data': None, 'epochs': 20, 'h': 8, 'head': 15} |
| 100_10_None_20_6_2  | 0.509 (+/-0.033) | 0.834 (+/-0.046) | {'batch_size': 100, 'd_ratio': 10, 'data': None, 'epochs': 20, 'h': 6, 'head': 2}  |
| 100_15_None_10_4_15 | 0.509 (+/-0.020) | 0.714 (+/-0.032) | {'batch_size': 100, 'd_ratio': 15, 'data': None, 'epochs': 10, 'h': 4, 'head': 15} |
| 100_10_None_10_4_10 | 0.508 (+/-0.020) | 0.741 (+/-0.022) | {'batch_size': 100, 'd_ratio': 10, 'data': None, 'epochs': 10, 'h': 4, 'head': 10} |
| 100_10_None_10_8_5  | 0.506 (+/-0.031) | 0.721 (+/-0.024) | {'batch_size': 100, 'd_ratio': 10, 'data': None, 'epochs': 10, 'h': 8, 'head': 5}  |
| 100_10_None_10_4_5  | 0.506 (+/-0.017) | 0.728 (+/-0.034) | {'batch_size': 100, 'd_ratio': 10, 'data': None, 'epochs': 10, 'h': 4, 'head': 5}  |
| 100_15_None_20_4_10 | 0.506 (+/-0.047) | 0.860 (+/-0.053) | {'batch_size': 100, 'd_ratio': 15, 'data': None, 'epochs': 20, 'h': 4, 'head': 10} |
| 100_25_None_10_8_15 | 0.504 (+/-0.023) | 0.713 (+/-0.005) | {'batch_size': 100, 'd_ratio': 25, 'data': None, 'epochs': 10, 'h': 8, 'head': 15} |
| 100_10_None_20_6_15 | 0.504 (+/-0.028) | 0.860 (+/-0.026) | {'batch_size': 100, 'd_ratio': 10, 'data': None, 'epochs': 20, 'h': 6, 'head': 15} |
| 100_25_None_20_8_15 | 0.504 (+/-0.027) | 0.844 (+/-0.049) | {'batch_size': 100, 'd_ratio': 25, 'data': None, 'epochs': 20, 'h': 8, 'head': 15} |
| 100_15_None_10_6_15 | 0.504 (+/-0.029) | 0.732 (+/-0.018) | {'batch_size': 100, 'd_ratio': 15, 'data': None, 'epochs': 10, 'h': 6, 'head': 15} |
| 100_25_None_10_4_15 | 0.502 (+/-0.013) | 0.747 (+/-0.015) | {'batch_size': 100, 'd_ratio': 25, 'data': None, 'epochs': 10, 'h': 4, 'head': 15} |
| 100_25_None_20_4_10 | 0.501 (+/-0.040) | 0.847 (+/-0.084) | {'batch_size': 100, 'd_ratio': 25, 'data': None, 'epochs': 20, 'h': 4, 'head': 10} |
| 100_25_None_20_8_5  | 0.501 (+/-0.059) | 0.827 (+/-0.033) | {'batch_size': 100, 'd_ratio': 25, 'data': None, 'epochs': 20, 'h': 8, 'head': 5}  |
| 100_25_None_20_6_10 | 0.501 (+/-0.030) | 0.916 (+/-0.038) | {'batch_size': 100, 'd_ratio': 25, 'data': None, 'epochs': 20, 'h': 6, 'head': 10} |
| 100_10_None_10_8_10 | 0.500 (+/-0.015) | 0.738 (+/-0.013) | {'batch_size': 100, 'd_ratio': 10, 'data': None, 'epochs': 10, 'h': 8, 'head': 10} |
| 100_15_None_20_4_2  | 0.500 (+/-0.015) | 0.858 (+/-0.032) | {'batch_size': 100, 'd_ratio': 15, 'data': None, 'epochs': 20, 'h': 4, 'head': 2}  |
| 100_15_None_20_6_10 | 0.500 (+/-0.015) | 0.827 (+/-0.034) | {'batch_size': 100, 'd_ratio': 15, 'data': None, 'epochs': 20, 'h': 6, 'head': 10} |
| 100_15_None_20_6_3  | 0.500 (+/-0.035) | 0.853 (+/-0.051) | {'batch_size': 100, 'd_ratio': 15, 'data': None, 'epochs': 20, 'h': 6, 'head': 3}  |
| 100_10_None_10_8_2  | 0.499 (+/-0.007) | 0.725 (+/-0.032) | {'batch_size': 100, 'd_ratio': 10, 'data': None, 'epochs': 10, 'h': 8, 'head': 2}  |
| 100_10_None_10_8_3  | 0.499 (+/-0.045) | 0.755 (+/-0.014) | {'batch_size': 100, 'd_ratio': 10, 'data': None, 'epochs': 10, 'h': 8, 'head': 3}  |
| 100_25_None_20_4_2  | 0.499 (+/-0.013) | 0.865 (+/-0.024) | {'batch_size': 100, 'd_ratio': 25, 'data': None, 'epochs': 20, 'h': 4, 'head': 2}  |
| 100_10_None_10_6_2  | 0.498 (+/-0.018) | 0.745 (+/-0.025) | {'batch_size': 100, 'd_ratio': 10, 'data': None, 'epochs': 10, 'h': 6, 'head': 2}  |
| 100_15_None_10_4_2  | 0.497 (+/-0.034) | 0.740 (+/-0.020) | {'batch_size': 100, 'd_ratio': 15, 'data': None, 'epochs': 10, 'h': 4, 'head': 2}  |
| 100_15_None_20_4_5  | 0.497 (+/-0.051) | 0.861 (+/-0.037) | {'batch_size': 100, 'd_ratio': 15, 'data': None, 'epochs': 20, 'h': 4, 'head': 5}  |
| 100_10_None_10_6_15 | 0.497 (+/-0.021) | 0.695 (+/-0.027) | {'batch_size': 100, 'd_ratio': 10, 'data': None, 'epochs': 10, 'h': 6, 'head': 15} |
| 100_25_None_10_6_5  | 0.497 (+/-0.052) | 0.772 (+/-0.009) | {'batch_size': 100, 'd_ratio': 25, 'data': None, 'epochs': 10, 'h': 6, 'head': 5}  |
| 100_15_None_20_6_2  | 0.497 (+/-0.023) | 0.873 (+/-0.026) | {'batch_size': 100, 'd_ratio': 15, 'data': None, 'epochs': 20, 'h': 6, 'head': 2}  |
| 100_10_None_20_8_10 | 0.496 (+/-0.047) | 0.846 (+/-0.030) | {'batch_size': 100, 'd_ratio': 10, 'data': None, 'epochs': 20, 'h': 8, 'head': 10} |
| 100_15_None_10_6_10 | 0.496 (+/-0.006) | 0.742 (+/-0.024) | {'batch_size': 100, 'd_ratio': 15, 'data': None, 'epochs': 10, 'h': 6, 'head': 10} |
| 100_10_None_20_4_2  | 0.496 (+/-0.037) | 0.831 (+/-0.043) | {'batch_size': 100, 'd_ratio': 10, 'data': None, 'epochs': 20, 'h': 4, 'head': 2}  |
| 100_25_None_10_6_10 | 0.496 (+/-0.014) | 0.758 (+/-0.033) | {'batch_size': 100, 'd_ratio': 25, 'data': None, 'epochs': 10, 'h': 6, 'head': 10} |
| 100_25_None_20_8_10 | 0.495 (+/-0.045) | 0.851 (+/-0.047) | {'batch_size': 100, 'd_ratio': 25, 'data': None, 'epochs': 20, 'h': 8, 'head': 10} |
| 100_25_None_10_4_3  | 0.495 (+/-0.011) | 0.737 (+/-0.026) | {'batch_size': 100, 'd_ratio': 25, 'data': None, 'epochs': 10, 'h': 4, 'head': 3}  |
| 100_15_None_20_8_3  | 0.494 (+/-0.025) | 0.873 (+/-0.049) | {'batch_size': 100, 'd_ratio': 15, 'data': None, 'epochs': 20, 'h': 8, 'head': 3}  |
| 100_15_None_20_4_3  | 0.494 (+/-0.034) | 0.851 (+/-0.072) | {'batch_size': 100, 'd_ratio': 15, 'data': None, 'epochs': 20, 'h': 4, 'head': 3}  |
| 100_25_None_20_8_3  | 0.492 (+/-0.006) | 0.855 (+/-0.072) | {'batch_size': 100, 'd_ratio': 25, 'data': None, 'epochs': 20, 'h': 8, 'head': 3}  |
| 100_10_None_20_6_5  | 0.491 (+/-0.031) | 0.825 (+/-0.045) | {'batch_size': 100, 'd_ratio': 10, 'data': None, 'epochs': 20, 'h': 6, 'head': 5}  |
| 100_15_None_10_4_10 | 0.490 (+/-0.029) | 0.726 (+/-0.029) | {'batch_size': 100, 'd_ratio': 15, 'data': None, 'epochs': 10, 'h': 4, 'head': 10} |
| 100_10_None_10_4_2  | 0.489 (+/-0.007) | 0.720 (+/-0.037) | {'batch_size': 100, 'd_ratio': 10, 'data': None, 'epochs': 10, 'h': 4, 'head': 2}  |
| 100_15_None_10_8_3  | 0.489 (+/-0.030) | 0.725 (+/-0.022) | {'batch_size': 100, 'd_ratio': 15, 'data': None, 'epochs': 10, 'h': 8, 'head': 3}  |
| 100_10_None_20_8_5  | 0.489 (+/-0.026) | 0.839 (+/-0.027) | {'batch_size': 100, 'd_ratio': 10, 'data': None, 'epochs': 20, 'h': 8, 'head': 5}  |
| 100_10_None_20_8_15 | 0.488 (+/-0.033) | 0.878 (+/-0.036) | {'batch_size': 100, 'd_ratio': 10, 'data': None, 'epochs': 20, 'h': 8, 'head': 15} |
| 100_25_None_10_8_2  | 0.488 (+/-0.044) | 0.738 (+/-0.032) | {'batch_size': 100, 'd_ratio': 25, 'data': None, 'epochs': 10, 'h': 8, 'head': 2}  |
| 100_10_None_10_4_15 | 0.488 (+/-0.024) | 0.733 (+/-0.020) | {'batch_size': 100, 'd_ratio': 10, 'data': None, 'epochs': 10, 'h': 4, 'head': 15} |
| 100_15_None_20_8_5  | 0.488 (+/-0.053) | 0.831 (+/-0.030) | {'batch_size': 100, 'd_ratio': 15, 'data': None, 'epochs': 20, 'h': 8, 'head': 5}  |
| 100_10_None_20_8_2  | 0.486 (+/-0.005) | 0.854 (+/-0.028) | {'batch_size': 100, 'd_ratio': 10, 'data': None, 'epochs': 20, 'h': 8, 'head': 2}  |
| 100_15_None_10_6_5  | 0.485 (+/-0.048) | 0.743 (+/-0.035) | {'batch_size': 100, 'd_ratio': 15, 'data': None, 'epochs': 10, 'h': 6, 'head': 5}  |
| 100_25_None_20_6_3  | 0.485 (+/-0.030) | 0.814 (+/-0.033) | {'batch_size': 100, 'd_ratio': 25, 'data': None, 'epochs': 20, 'h': 6, 'head': 3}  |
| 100_10_None_20_4_3  | 0.485 (+/-0.011) | 0.853 (+/-0.020) | {'batch_size': 100, 'd_ratio': 10, 'data': None, 'epochs': 20, 'h': 4, 'head': 3}  |
| 100_25_None_20_4_3  | 0.484 (+/-0.043) | 0.865 (+/-0.031) | {'batch_size': 100, 'd_ratio': 25, 'data': None, 'epochs': 20, 'h': 4, 'head': 3}  |
| 100_25_None_10_4_10 | 0.482 (+/-0.017) | 0.733 (+/-0.032) | {'batch_size': 100, 'd_ratio': 25, 'data': None, 'epochs': 10, 'h': 4, 'head': 10} |
| 100_10_None_10_6_3  | 0.482 (+/-0.032) | 0.720 (+/-0.024) | {'batch_size': 100, 'd_ratio': 10, 'data': None, 'epochs': 10, 'h': 6, 'head': 3}  |
| 100_10_None_20_4_10 | 0.481 (+/-0.014) | 0.857 (+/-0.036) | {'batch_size': 100, 'd_ratio': 10, 'data': None, 'epochs': 20, 'h': 4, 'head': 10} |
| 100_15_None_10_8_15 | 0.479 (+/-0.035) | 0.722 (+/-0.023) | {'batch_size': 100, 'd_ratio': 15, 'data': None, 'epochs': 10, 'h': 8, 'head': 15} |
| 100_25_None_10_8_10 | 0.476 (+/-0.030) | 0.732 (+/-0.035) | {'batch_size': 100, 'd_ratio': 25, 'data': None, 'epochs': 10, 'h': 8, 'head': 10} |
| 100_25_None_10_8_5  | 0.475 (+/-0.029) | 0.743 (+/-0.014) | {'batch_size': 100, 'd_ratio': 25, 'data': None, 'epochs': 10, 'h': 8, 'head': 5}  |
| 100_15_None_10_6_2  | 0.475 (+/-0.021) | 0.739 (+/-0.024) | {'batch_size': 100, 'd_ratio': 15, 'data': None, 'epochs': 10, 'h': 6, 'head': 2}  |
| 100_15_None_10_4_5  | 0.475 (+/-0.032) | 0.743 (+/-0.010) | {'batch_size': 100, 'd_ratio': 15, 'data': None, 'epochs': 10, 'h': 4, 'head': 5}  |
| 100_15_None_10_8_2  | 0.475 (+/-0.040) | 0.728 (+/-0.017) | {'batch_size': 100, 'd_ratio': 15, 'data': None, 'epochs': 10, 'h': 8, 'head': 2}  |
| 100_10_None_20_4_15 | 0.472 (+/-0.013) | 0.851 (+/-0.036) | {'batch_size': 100, 'd_ratio': 10, 'data': None, 'epochs': 20, 'h': 4, 'head': 15} |
| 100_25_None_10_4_5  | 0.470 (+/-0.037) | 0.735 (+/-0.030) | {'batch_size': 100, 'd_ratio': 25, 'data': None, 'epochs': 10, 'h': 4, 'head': 5}  |
| 100_15_None_10_8_10 | 0.468 (+/-0.039) | 0.742 (+/-0.033) | {'batch_size': 100, 'd_ratio': 15, 'data': None, 'epochs': 10, 'h': 8, 'head': 10} |
| 100_25_None_20_6_2  | 0.466 (+/-0.027) | 0.858 (+/-0.039) | {'batch_size': 100, 'd_ratio': 25, 'data': None, 'epochs': 20, 'h': 6, 'head': 2}  |
| 100_15_None_20_8_2  | 0.464 (+/-0.045) | 0.839 (+/-0.048) | {'batch_size': 100, 'd_ratio': 15, 'data': None, 'epochs': 20, 'h': 8, 'head': 2}  |
| 100_25_None_10_6_3  | 0.464 (+/-0.026) | 0.765 (+/-0.033) | {'batch_size': 100, 'd_ratio': 25, 'data': None, 'epochs': 10, 'h': 6, 'head': 3}  |
| 100_25_None_20_8_2  | 0.461 (+/-0.031) | 0.816 (+/-0.040) | {'batch_size': 100, 'd_ratio': 25, 'data': None, 'epochs': 20, 'h': 8, 'head': 2}  |
