# orig_data & Leave1Out
## EEGnet classify
| abbr.            | test_score       | train_score      | params                                                               |
|------------------|------------------|------------------|----------------------------------------------------------------------|
| 100_data_0.6_400 | 0.634 (+/-0.106) | 0.717 (+/-0.054) | {'batch_size': 100, 'data': 'data', 'dropout_p': 0.6, 'epochs': 400} |
| 150_data_0.4_250 | 0.625 (+/-0.098) | 0.689 (+/-0.027) | {'batch_size': 150, 'data': 'data', 'dropout_p': 0.4, 'epochs': 250} |
| 150_data_0.6_300 | 0.609 (+/-0.083) | 0.687 (+/-0.055) | {'batch_size': 150, 'data': 'data', 'dropout_p': 0.6, 'epochs': 300} |
| 150_data_0.4_400 | 0.603 (+/-0.087) | 0.667 (+/-0.065) | {'batch_size': 150, 'data': 'data', 'dropout_p': 0.4, 'epochs': 400} |
| 100_data_0.2_200 | 0.595 (+/-0.090) | 0.666 (+/-0.011) | {'batch_size': 100, 'data': 'data', 'dropout_p': 0.2, 'epochs': 200} |
| 200_data_0.4_400 | 0.594 (+/-0.055) | 0.659 (+/-0.034) | {'batch_size': 200, 'data': 'data', 'dropout_p': 0.4, 'epochs': 400} |
| 200_data_0.6_350 | 0.593 (+/-0.078) | 0.709 (+/-0.073) | {'batch_size': 200, 'data': 'data', 'dropout_p': 0.6, 'epochs': 350} |
| 100_data_0.2_400 | 0.588 (+/-0.064) | 0.730 (+/-0.031) | {'batch_size': 100, 'data': 'data', 'dropout_p': 0.2, 'epochs': 400} |
| 100_data_0.2_350 | 0.585 (+/-0.066) | 0.652 (+/-0.050) | {'batch_size': 100, 'data': 'data', 'dropout_p': 0.2, 'epochs': 350} |
| 100_data_0.4_200 | 0.580 (+/-0.080) | 0.630 (+/-0.032) | {'batch_size': 100, 'data': 'data', 'dropout_p': 0.4, 'epochs': 200} |
| 200_data_0.2_350 | 0.580 (+/-0.049) | 0.630 (+/-0.055) | {'batch_size': 200, 'data': 'data', 'dropout_p': 0.2, 'epochs': 350} |
| 100_data_0.6_350 | 0.580 (+/-0.054) | 0.624 (+/-0.039) | {'batch_size': 100, 'data': 'data', 'dropout_p': 0.6, 'epochs': 350} |
| 100_data_0.2_300 | 0.578 (+/-0.075) | 0.638 (+/-0.057) | {'batch_size': 100, 'data': 'data', 'dropout_p': 0.2, 'epochs': 300} |
| 150_data_0.2_400 | 0.576 (+/-0.060) | 0.677 (+/-0.050) | {'batch_size': 150, 'data': 'data', 'dropout_p': 0.2, 'epochs': 400} |
| 100_data_0.6_250 | 0.576 (+/-0.076) | 0.663 (+/-0.038) | {'batch_size': 100, 'data': 'data', 'dropout_p': 0.6, 'epochs': 250} |
| 150_data_0.2_250 | 0.574 (+/-0.037) | 0.616 (+/-0.048) | {'batch_size': 150, 'data': 'data', 'dropout_p': 0.2, 'epochs': 250} |
| 150_data_0.6_400 | 0.573 (+/-0.056) | 0.666 (+/-0.017) | {'batch_size': 150, 'data': 'data', 'dropout_p': 0.6, 'epochs': 400} |
| 150_data_0.4_350 | 0.571 (+/-0.095) | 0.657 (+/-0.042) | {'batch_size': 150, 'data': 'data', 'dropout_p': 0.4, 'epochs': 350} |
| 200_data_0.6_300 | 0.571 (+/-0.052) | 0.623 (+/-0.032) | {'batch_size': 200, 'data': 'data', 'dropout_p': 0.6, 'epochs': 300} |
| 100_data_0.6_150 | 0.571 (+/-0.054) | 0.669 (+/-0.020) | {'batch_size': 100, 'data': 'data', 'dropout_p': 0.6, 'epochs': 150} |
| 200_data_0.2_300 | 0.570 (+/-0.060) | 0.629 (+/-0.042) | {'batch_size': 200, 'data': 'data', 'dropout_p': 0.2, 'epochs': 300} |
| 200_data_0.6_250 | 0.570 (+/-0.072) | 0.613 (+/-0.033) | {'batch_size': 200, 'data': 'data', 'dropout_p': 0.6, 'epochs': 250} |
| 100_data_0.2_150 | 0.570 (+/-0.073) | 0.636 (+/-0.048) | {'batch_size': 100, 'data': 'data', 'dropout_p': 0.2, 'epochs': 150} |
| 150_data_0.4_200 | 0.569 (+/-0.039) | 0.656 (+/-0.037) | {'batch_size': 150, 'data': 'data', 'dropout_p': 0.4, 'epochs': 200} |
| 200_data_0.4_300 | 0.568 (+/-0.053) | 0.655 (+/-0.026) | {'batch_size': 200, 'data': 'data', 'dropout_p': 0.4, 'epochs': 300} |
| 100_data_0.4_150 | 0.568 (+/-0.057) | 0.580 (+/-0.034) | {'batch_size': 100, 'data': 'data', 'dropout_p': 0.4, 'epochs': 150} |
| 100_data_0.4_400 | 0.566 (+/-0.066) | 0.647 (+/-0.081) | {'batch_size': 100, 'data': 'data', 'dropout_p': 0.4, 'epochs': 400} |
| 200_data_0.4_200 | 0.566 (+/-0.077) | 0.608 (+/-0.026) | {'batch_size': 200, 'data': 'data', 'dropout_p': 0.4, 'epochs': 200} |
| 150_data_0.2_300 | 0.565 (+/-0.045) | 0.618 (+/-0.056) | {'batch_size': 150, 'data': 'data', 'dropout_p': 0.2, 'epochs': 300} |
| 100_data_0.6_200 | 0.564 (+/-0.052) | 0.613 (+/-0.043) | {'batch_size': 100, 'data': 'data', 'dropout_p': 0.6, 'epochs': 200} |
| 100_data_0.4_350 | 0.561 (+/-0.068) | 0.651 (+/-0.055) | {'batch_size': 100, 'data': 'data', 'dropout_p': 0.4, 'epochs': 350} |
| 200_data_0.6_150 | 0.561 (+/-0.074) | 0.620 (+/-0.049) | {'batch_size': 200, 'data': 'data', 'dropout_p': 0.6, 'epochs': 150} |
| 100_data_0.6_300 | 0.561 (+/-0.058) | 0.613 (+/-0.052) | {'batch_size': 100, 'data': 'data', 'dropout_p': 0.6, 'epochs': 300} |
| 150_data_0.6_250 | 0.557 (+/-0.052) | 0.642 (+/-0.047) | {'batch_size': 150, 'data': 'data', 'dropout_p': 0.6, 'epochs': 250} |
| 200_data_0.2_400 | 0.555 (+/-0.053) | 0.652 (+/-0.034) | {'batch_size': 200, 'data': 'data', 'dropout_p': 0.2, 'epochs': 400} |
| 200_data_0.4_250 | 0.555 (+/-0.065) | 0.579 (+/-0.007) | {'batch_size': 200, 'data': 'data', 'dropout_p': 0.4, 'epochs': 250} |
| 200_data_0.4_350 | 0.554 (+/-0.060) | 0.572 (+/-0.013) | {'batch_size': 200, 'data': 'data', 'dropout_p': 0.4, 'epochs': 350} |
| 150_data_0.6_350 | 0.552 (+/-0.051) | 0.646 (+/-0.035) | {'batch_size': 150, 'data': 'data', 'dropout_p': 0.6, 'epochs': 350} |
| 150_data_0.6_200 | 0.551 (+/-0.037) | 0.634 (+/-0.065) | {'batch_size': 150, 'data': 'data', 'dropout_p': 0.6, 'epochs': 200} |
| 200_data_0.6_200 | 0.550 (+/-0.056) | 0.595 (+/-0.025) | {'batch_size': 200, 'data': 'data', 'dropout_p': 0.6, 'epochs': 200} |
| 200_data_0.2_250 | 0.550 (+/-0.058) | 0.653 (+/-0.053) | {'batch_size': 200, 'data': 'data', 'dropout_p': 0.2, 'epochs': 250} |
| 150_data_0.4_300 | 0.549 (+/-0.067) | 0.630 (+/-0.039) | {'batch_size': 150, 'data': 'data', 'dropout_p': 0.4, 'epochs': 300} |
| 150_data_0.2_350 | 0.546 (+/-0.046) | 0.626 (+/-0.015) | {'batch_size': 150, 'data': 'data', 'dropout_p': 0.2, 'epochs': 350} |
| 100_data_0.4_300 | 0.546 (+/-0.048) | 0.646 (+/-0.042) | {'batch_size': 100, 'data': 'data', 'dropout_p': 0.4, 'epochs': 300} |
| 150_data_0.6_150 | 0.544 (+/-0.044) | 0.573 (+/-0.051) | {'batch_size': 150, 'data': 'data', 'dropout_p': 0.6, 'epochs': 150} |
| 150_data_0.4_150 | 0.544 (+/-0.035) | 0.617 (+/-0.052) | {'batch_size': 150, 'data': 'data', 'dropout_p': 0.4, 'epochs': 150} |
| 100_data_0.4_250 | 0.540 (+/-0.046) | 0.649 (+/-0.057) | {'batch_size': 100, 'data': 'data', 'dropout_p': 0.4, 'epochs': 250} |
| 200_data_0.6_400 | 0.534 (+/-0.052) | 0.620 (+/-0.059) | {'batch_size': 200, 'data': 'data', 'dropout_p': 0.6, 'epochs': 400} |
| 200_data_0.2_150 | 0.534 (+/-0.017) | 0.595 (+/-0.062) | {'batch_size': 200, 'data': 'data', 'dropout_p': 0.2, 'epochs': 150} |
| 150_data_0.2_150 | 0.531 (+/-0.035) | 0.548 (+/-0.016) | {'batch_size': 150, 'data': 'data', 'dropout_p': 0.2, 'epochs': 150} |
| 150_data_0.2_200 | 0.531 (+/-0.069) | 0.600 (+/-0.031) | {'batch_size': 150, 'data': 'data', 'dropout_p': 0.2, 'epochs': 200} |
| 200_data_0.2_200 | 0.524 (+/-0.046) | 0.594 (+/-0.053) | {'batch_size': 200, 'data': 'data', 'dropout_p': 0.2, 'epochs': 200} |
| 100_data_0.2_250 | 0.522 (+/-0.034) | 0.616 (+/-0.046) | {'batch_size': 100, 'data': 'data', 'dropout_p': 0.2, 'epochs': 250} |
| 200_data_0.4_150 | 0.519 (+/-0.020) | 0.601 (+/-0.033) | {'batch_size': 200, 'data': 'data', 'dropout_p': 0.4, 'epochs': 150} |
